#-----------------------------------------------------------
# Vivado v2018.2 (64-bit)
# SW Build 2258646 on Thu Jun 14 20:03:12 MDT 2018
# IP Build 2256618 on Thu Jun 14 22:10:49 MDT 2018
# Start of session at: Wed Mar  1 20:20:22 2023
# Process ID: 13840
# Current directory: C:/Users/Oliver/Desktop/Digitale systemer/digital_systems/PWA
# Command line: vivado.exe -gui_launcher_event rodinguilauncherevent7256 C:\Users\Oliver\Desktop\Digitale systemer\digital_systems\PWA\PWA.xpr
# Log file: C:/Users/Oliver/Desktop/Digitale systemer/digital_systems/PWA/vivado.log
# Journal file: C:/Users/Oliver/Desktop/Digitale systemer/digital_systems/PWA\vivado.jou
#-----------------------------------------------------------
start_gui
open_project {C:/Users/Oliver/Desktop/Digitale systemer/digital_systems/PWA/PWA.xpr}
INFO: [Project 1-313] Project file moved from '/zhome/66/2/168935/uni/digital_systems/PWA' since last save.
Scanning sources...
Finished scanning sources
INFO: [IP_Flow 19-234] Refreshing IP repositories
INFO: [IP_Flow 19-1704] No user IP repositories specified
INFO: [IP_Flow 19-2313] Loaded Vivado IP repository 'C:/Xilinx/Vivado/2018.2/data/ip'.
open_project: Time (s): cpu = 00:00:04 ; elapsed = 00:00:09 . Memory (MB): peak = 827.375 ; gain = 99.766
set_property is_enabled true [get_files  {{C:/Users/Oliver/Desktop/Digitale systemer/digital_systems/PWA/PWA.srcs/sources_1/new/ALU.vhd}}]
set_property top ALU [current_fileset]
synth_design -rtl -name rtl_1
Command: synth_design -rtl -name rtl_1
Starting synth_design
Using part: xc7a100tcsg324-1
Top: ALU
---------------------------------------------------------------------------------
Starting RTL Elaboration : Time (s): cpu = 00:00:01 ; elapsed = 00:00:02 . Memory (MB): peak = 968.125 ; gain = 98.004
---------------------------------------------------------------------------------
INFO: [Synth 8-638] synthesizing module 'ALU' [C:/Users/Oliver/Desktop/Digitale systemer/digital_systems/PWA/PWA.srcs/sources_1/new/ALU.vhd:34]
INFO: [Synth 8-3491] module 'Full_adder_8bit' declared at 'C:/Users/Oliver/Desktop/Digitale systemer/digital_systems/PWA/PWA.srcs/sources_1/new/Full_adder_8bit.vhd:7' bound to instance 'Adder' of component 'Full_adder_8bit' [C:/Users/Oliver/Desktop/Digitale systemer/digital_systems/PWA/PWA.srcs/sources_1/new/ALU.vhd:52]
INFO: [Synth 8-638] synthesizing module 'Full_adder_8bit' [C:/Users/Oliver/Desktop/Digitale systemer/digital_systems/PWA/PWA.srcs/sources_1/new/Full_adder_8bit.vhd:17]
INFO: [Synth 8-3491] module 'Full_adder' declared at 'C:/Users/Oliver/Desktop/Digitale systemer/digital_systems/PWA/PWA.srcs/sources_1/new/Full_adder.vhd:25' bound to instance 'U0' of component 'Full_adder' [C:/Users/Oliver/Desktop/Digitale systemer/digital_systems/PWA/PWA.srcs/sources_1/new/Full_adder_8bit.vhd:39]
INFO: [Synth 8-638] synthesizing module 'Full_adder' [C:/Users/Oliver/Desktop/Digitale systemer/digital_systems/PWA/PWA.srcs/sources_1/new/Full_adder.vhd:34]
INFO: [Synth 8-3491] module 'Half_adder' declared at 'C:/Users/Oliver/Desktop/Digitale systemer/digital_systems/PWA/PWA.srcs/sources_1/new/Half-adder.vhd:34' bound to instance 'unit1' of component 'Half_adder' [C:/Users/Oliver/Desktop/Digitale systemer/digital_systems/PWA/PWA.srcs/sources_1/new/Full_adder.vhd:42]
INFO: [Synth 8-638] synthesizing module 'Half_adder' [C:/Users/Oliver/Desktop/Digitale systemer/digital_systems/PWA/PWA.srcs/sources_1/new/Half-adder.vhd:39]
INFO: [Synth 8-256] done synthesizing module 'Half_adder' (1#1) [C:/Users/Oliver/Desktop/Digitale systemer/digital_systems/PWA/PWA.srcs/sources_1/new/Half-adder.vhd:39]
INFO: [Synth 8-3491] module 'Half_adder' declared at 'C:/Users/Oliver/Desktop/Digitale systemer/digital_systems/PWA/PWA.srcs/sources_1/new/Half-adder.vhd:34' bound to instance 'unit2' of component 'Half_adder' [C:/Users/Oliver/Desktop/Digitale systemer/digital_systems/PWA/PWA.srcs/sources_1/new/Full_adder.vhd:43]
INFO: [Synth 8-256] done synthesizing module 'Full_adder' (2#1) [C:/Users/Oliver/Desktop/Digitale systemer/digital_systems/PWA/PWA.srcs/sources_1/new/Full_adder.vhd:34]
INFO: [Synth 8-3491] module 'Full_adder' declared at 'C:/Users/Oliver/Desktop/Digitale systemer/digital_systems/PWA/PWA.srcs/sources_1/new/Full_adder.vhd:25' bound to instance 'ux' of component 'Full_adder' [C:/Users/Oliver/Desktop/Digitale systemer/digital_systems/PWA/PWA.srcs/sources_1/new/Full_adder_8bit.vhd:44]
INFO: [Synth 8-3491] module 'Full_adder' declared at 'C:/Users/Oliver/Desktop/Digitale systemer/digital_systems/PWA/PWA.srcs/sources_1/new/Full_adder.vhd:25' bound to instance 'ux' of component 'Full_adder' [C:/Users/Oliver/Desktop/Digitale systemer/digital_systems/PWA/PWA.srcs/sources_1/new/Full_adder_8bit.vhd:44]
INFO: [Synth 8-3491] module 'Full_adder' declared at 'C:/Users/Oliver/Desktop/Digitale systemer/digital_systems/PWA/PWA.srcs/sources_1/new/Full_adder.vhd:25' bound to instance 'ux' of component 'Full_adder' [C:/Users/Oliver/Desktop/Digitale systemer/digital_systems/PWA/PWA.srcs/sources_1/new/Full_adder_8bit.vhd:44]
INFO: [Synth 8-3491] module 'Full_adder' declared at 'C:/Users/Oliver/Desktop/Digitale systemer/digital_systems/PWA/PWA.srcs/sources_1/new/Full_adder.vhd:25' bound to instance 'ux' of component 'Full_adder' [C:/Users/Oliver/Desktop/Digitale systemer/digital_systems/PWA/PWA.srcs/sources_1/new/Full_adder_8bit.vhd:44]
INFO: [Synth 8-3491] module 'Full_adder' declared at 'C:/Users/Oliver/Desktop/Digitale systemer/digital_systems/PWA/PWA.srcs/sources_1/new/Full_adder.vhd:25' bound to instance 'ux' of component 'Full_adder' [C:/Users/Oliver/Desktop/Digitale systemer/digital_systems/PWA/PWA.srcs/sources_1/new/Full_adder_8bit.vhd:44]
INFO: [Synth 8-3491] module 'Full_adder' declared at 'C:/Users/Oliver/Desktop/Digitale systemer/digital_systems/PWA/PWA.srcs/sources_1/new/Full_adder.vhd:25' bound to instance 'ux' of component 'Full_adder' [C:/Users/Oliver/Desktop/Digitale systemer/digital_systems/PWA/PWA.srcs/sources_1/new/Full_adder_8bit.vhd:44]
INFO: [Synth 8-3491] module 'Full_adder' declared at 'C:/Users/Oliver/Desktop/Digitale systemer/digital_systems/PWA/PWA.srcs/sources_1/new/Full_adder.vhd:25' bound to instance 'Umsb' of component 'Full_adder' [C:/Users/Oliver/Desktop/Digitale systemer/digital_systems/PWA/PWA.srcs/sources_1/new/Full_adder_8bit.vhd:48]
INFO: [Synth 8-256] done synthesizing module 'Full_adder_8bit' (3#1) [C:/Users/Oliver/Desktop/Digitale systemer/digital_systems/PWA/PWA.srcs/sources_1/new/Full_adder_8bit.vhd:17]
ERROR: [Synth 8-690] width mismatch in assignment; target has 8 bits, source has 1 bits [C:/Users/Oliver/Desktop/Digitale systemer/digital_systems/PWA/PWA.srcs/sources_1/new/ALU.vhd:54]
ERROR: [Synth 8-285] failed synthesizing module 'ALU' [C:/Users/Oliver/Desktop/Digitale systemer/digital_systems/PWA/PWA.srcs/sources_1/new/ALU.vhd:34]
---------------------------------------------------------------------------------
Finished RTL Elaboration : Time (s): cpu = 00:00:01 ; elapsed = 00:00:02 . Memory (MB): peak = 1011.266 ; gain = 141.145
---------------------------------------------------------------------------------
RTL Elaboration failed
18 Infos, 0 Warnings, 0 Critical Warnings and 3 Errors encountered.
synth_design failed
ERROR: [Vivado_Tcl 4-5] Elaboration failed - please see the console for details
synth_design -rtl -name rtl_1
Command: synth_design -rtl -name rtl_1
Starting synth_design
Using part: xc7a100tcsg324-1
Top: ALU
---------------------------------------------------------------------------------
Starting RTL Elaboration : Time (s): cpu = 00:00:01 ; elapsed = 00:00:02 . Memory (MB): peak = 1011.266 ; gain = 0.000
---------------------------------------------------------------------------------
INFO: [Synth 8-638] synthesizing module 'ALU' [C:/Users/Oliver/Desktop/Digitale systemer/digital_systems/PWA/PWA.srcs/sources_1/new/ALU.vhd:34]
INFO: [Synth 8-3491] module 'Full_adder_8bit' declared at 'C:/Users/Oliver/Desktop/Digitale systemer/digital_systems/PWA/PWA.srcs/sources_1/new/Full_adder_8bit.vhd:7' bound to instance 'Adder' of component 'Full_adder_8bit' [C:/Users/Oliver/Desktop/Digitale systemer/digital_systems/PWA/PWA.srcs/sources_1/new/ALU.vhd:52]
INFO: [Synth 8-638] synthesizing module 'Full_adder_8bit' [C:/Users/Oliver/Desktop/Digitale systemer/digital_systems/PWA/PWA.srcs/sources_1/new/Full_adder_8bit.vhd:17]
INFO: [Synth 8-3491] module 'Full_adder' declared at 'C:/Users/Oliver/Desktop/Digitale systemer/digital_systems/PWA/PWA.srcs/sources_1/new/Full_adder.vhd:25' bound to instance 'U0' of component 'Full_adder' [C:/Users/Oliver/Desktop/Digitale systemer/digital_systems/PWA/PWA.srcs/sources_1/new/Full_adder_8bit.vhd:39]
INFO: [Synth 8-638] synthesizing module 'Full_adder' [C:/Users/Oliver/Desktop/Digitale systemer/digital_systems/PWA/PWA.srcs/sources_1/new/Full_adder.vhd:34]
INFO: [Synth 8-3491] module 'Half_adder' declared at 'C:/Users/Oliver/Desktop/Digitale systemer/digital_systems/PWA/PWA.srcs/sources_1/new/Half-adder.vhd:34' bound to instance 'unit1' of component 'Half_adder' [C:/Users/Oliver/Desktop/Digitale systemer/digital_systems/PWA/PWA.srcs/sources_1/new/Full_adder.vhd:42]
INFO: [Synth 8-638] synthesizing module 'Half_adder' [C:/Users/Oliver/Desktop/Digitale systemer/digital_systems/PWA/PWA.srcs/sources_1/new/Half-adder.vhd:39]
INFO: [Synth 8-256] done synthesizing module 'Half_adder' (1#1) [C:/Users/Oliver/Desktop/Digitale systemer/digital_systems/PWA/PWA.srcs/sources_1/new/Half-adder.vhd:39]
INFO: [Synth 8-3491] module 'Half_adder' declared at 'C:/Users/Oliver/Desktop/Digitale systemer/digital_systems/PWA/PWA.srcs/sources_1/new/Half-adder.vhd:34' bound to instance 'unit2' of component 'Half_adder' [C:/Users/Oliver/Desktop/Digitale systemer/digital_systems/PWA/PWA.srcs/sources_1/new/Full_adder.vhd:43]
INFO: [Synth 8-256] done synthesizing module 'Full_adder' (2#1) [C:/Users/Oliver/Desktop/Digitale systemer/digital_systems/PWA/PWA.srcs/sources_1/new/Full_adder.vhd:34]
INFO: [Synth 8-3491] module 'Full_adder' declared at 'C:/Users/Oliver/Desktop/Digitale systemer/digital_systems/PWA/PWA.srcs/sources_1/new/Full_adder.vhd:25' bound to instance 'ux' of component 'Full_adder' [C:/Users/Oliver/Desktop/Digitale systemer/digital_systems/PWA/PWA.srcs/sources_1/new/Full_adder_8bit.vhd:44]
INFO: [Synth 8-3491] module 'Full_adder' declared at 'C:/Users/Oliver/Desktop/Digitale systemer/digital_systems/PWA/PWA.srcs/sources_1/new/Full_adder.vhd:25' bound to instance 'ux' of component 'Full_adder' [C:/Users/Oliver/Desktop/Digitale systemer/digital_systems/PWA/PWA.srcs/sources_1/new/Full_adder_8bit.vhd:44]
INFO: [Synth 8-3491] module 'Full_adder' declared at 'C:/Users/Oliver/Desktop/Digitale systemer/digital_systems/PWA/PWA.srcs/sources_1/new/Full_adder.vhd:25' bound to instance 'ux' of component 'Full_adder' [C:/Users/Oliver/Desktop/Digitale systemer/digital_systems/PWA/PWA.srcs/sources_1/new/Full_adder_8bit.vhd:44]
INFO: [Synth 8-3491] module 'Full_adder' declared at 'C:/Users/Oliver/Desktop/Digitale systemer/digital_systems/PWA/PWA.srcs/sources_1/new/Full_adder.vhd:25' bound to instance 'ux' of component 'Full_adder' [C:/Users/Oliver/Desktop/Digitale systemer/digital_systems/PWA/PWA.srcs/sources_1/new/Full_adder_8bit.vhd:44]
INFO: [Synth 8-3491] module 'Full_adder' declared at 'C:/Users/Oliver/Desktop/Digitale systemer/digital_systems/PWA/PWA.srcs/sources_1/new/Full_adder.vhd:25' bound to instance 'ux' of component 'Full_adder' [C:/Users/Oliver/Desktop/Digitale systemer/digital_systems/PWA/PWA.srcs/sources_1/new/Full_adder_8bit.vhd:44]
INFO: [Synth 8-3491] module 'Full_adder' declared at 'C:/Users/Oliver/Desktop/Digitale systemer/digital_systems/PWA/PWA.srcs/sources_1/new/Full_adder.vhd:25' bound to instance 'ux' of component 'Full_adder' [C:/Users/Oliver/Desktop/Digitale systemer/digital_systems/PWA/PWA.srcs/sources_1/new/Full_adder_8bit.vhd:44]
INFO: [Synth 8-3491] module 'Full_adder' declared at 'C:/Users/Oliver/Desktop/Digitale systemer/digital_systems/PWA/PWA.srcs/sources_1/new/Full_adder.vhd:25' bound to instance 'Umsb' of component 'Full_adder' [C:/Users/Oliver/Desktop/Digitale systemer/digital_systems/PWA/PWA.srcs/sources_1/new/Full_adder_8bit.vhd:48]
INFO: [Synth 8-256] done synthesizing module 'Full_adder_8bit' (3#1) [C:/Users/Oliver/Desktop/Digitale systemer/digital_systems/PWA/PWA.srcs/sources_1/new/Full_adder_8bit.vhd:17]
INFO: [Synth 8-256] done synthesizing module 'ALU' (4#1) [C:/Users/Oliver/Desktop/Digitale systemer/digital_systems/PWA/PWA.srcs/sources_1/new/ALU.vhd:34]
---------------------------------------------------------------------------------
Finished RTL Elaboration : Time (s): cpu = 00:00:01 ; elapsed = 00:00:02 . Memory (MB): peak = 1026.199 ; gain = 14.934
---------------------------------------------------------------------------------

Report Check Netlist: 
+------+------------------+-------+---------+-------+------------------+
|      |Item              |Errors |Warnings |Status |Description       |
+------+------------------+-------+---------+-------+------------------+
|1     |multi_driven_nets |      0|        0|Passed |Multi driven nets |
+------+------------------+-------+---------+-------+------------------+
---------------------------------------------------------------------------------
Start Handling Custom Attributes
---------------------------------------------------------------------------------
---------------------------------------------------------------------------------
Finished Handling Custom Attributes : Time (s): cpu = 00:00:01 ; elapsed = 00:00:02 . Memory (MB): peak = 1026.199 ; gain = 14.934
---------------------------------------------------------------------------------
---------------------------------------------------------------------------------
Finished RTL Optimization Phase 1 : Time (s): cpu = 00:00:01 ; elapsed = 00:00:02 . Memory (MB): peak = 1026.199 ; gain = 14.934
---------------------------------------------------------------------------------
INFO: [Device 21-403] Loading part xc7a100tcsg324-1
INFO: [Project 1-570] Preparing netlist for logic optimization

Processing XDC Constraints
Initializing timing engine
Parsing XDC File [C:/Users/Oliver/Desktop/Digitale systemer/digital_systems/PWA/PWA.srcs/constrs_1/imports/PWA/Nexys_4_DDR_Master.xdc]
CRITICAL WARNING: [Common 17-163] Missing value for option 'objects', please type 'set_property -help' for usage info. [C:/Users/Oliver/Desktop/Digitale systemer/digital_systems/PWA/PWA.srcs/constrs_1/imports/PWA/Nexys_4_DDR_Master.xdc:9]
WARNING: [Vivado 12-584] No ports matched 'CLK'. [C:/Users/Oliver/Desktop/Digitale systemer/digital_systems/PWA/PWA.srcs/constrs_1/imports/PWA/Nexys_4_DDR_Master.xdc:12]
CRITICAL WARNING: [Common 17-55] 'set_property' expects at least one object. [C:/Users/Oliver/Desktop/Digitale systemer/digital_systems/PWA/PWA.srcs/constrs_1/imports/PWA/Nexys_4_DDR_Master.xdc:12]
Resolution: If [get_<value>] was used to populate the object, check to make sure this command returns at least one valid object.
WARNING: [Vivado 12-584] No ports matched 'CLK'. [C:/Users/Oliver/Desktop/Digitale systemer/digital_systems/PWA/PWA.srcs/constrs_1/imports/PWA/Nexys_4_DDR_Master.xdc:14]
CRITICAL WARNING: [Vivado 12-4739] create_clock:No valid object(s) found for '-objects [get_ports CLK]'. [C:/Users/Oliver/Desktop/Digitale systemer/digital_systems/PWA/PWA.srcs/constrs_1/imports/PWA/Nexys_4_DDR_Master.xdc:14]
Resolution: Check if the specified object(s) exists in the current design. If it does, ensure that the correct design hierarchy was specified for the object. If you are working with clocks, make sure create_clock was used to create the clock object before it is referenced.
WARNING: [Vivado 12-584] No ports matched 'SW[0]'. [C:/Users/Oliver/Desktop/Digitale systemer/digital_systems/PWA/PWA.srcs/constrs_1/imports/PWA/Nexys_4_DDR_Master.xdc:17]
CRITICAL WARNING: [Common 17-55] 'set_property' expects at least one object. [C:/Users/Oliver/Desktop/Digitale systemer/digital_systems/PWA/PWA.srcs/constrs_1/imports/PWA/Nexys_4_DDR_Master.xdc:17]
Resolution: If [get_<value>] was used to populate the object, check to make sure this command returns at least one valid object.
WARNING: [Vivado 12-584] No ports matched 'SW[1]'. [C:/Users/Oliver/Desktop/Digitale systemer/digital_systems/PWA/PWA.srcs/constrs_1/imports/PWA/Nexys_4_DDR_Master.xdc:18]
CRITICAL WARNING: [Common 17-55] 'set_property' expects at least one object. [C:/Users/Oliver/Desktop/Digitale systemer/digital_systems/PWA/PWA.srcs/constrs_1/imports/PWA/Nexys_4_DDR_Master.xdc:18]
Resolution: If [get_<value>] was used to populate the object, check to make sure this command returns at least one valid object.
WARNING: [Vivado 12-584] No ports matched 'SW[2]'. [C:/Users/Oliver/Desktop/Digitale systemer/digital_systems/PWA/PWA.srcs/constrs_1/imports/PWA/Nexys_4_DDR_Master.xdc:19]
CRITICAL WARNING: [Common 17-55] 'set_property' expects at least one object. [C:/Users/Oliver/Desktop/Digitale systemer/digital_systems/PWA/PWA.srcs/constrs_1/imports/PWA/Nexys_4_DDR_Master.xdc:19]
Resolution: If [get_<value>] was used to populate the object, check to make sure this command returns at least one valid object.
WARNING: [Vivado 12-584] No ports matched 'SW[3]'. [C:/Users/Oliver/Desktop/Digitale systemer/digital_systems/PWA/PWA.srcs/constrs_1/imports/PWA/Nexys_4_DDR_Master.xdc:20]
CRITICAL WARNING: [Common 17-55] 'set_property' expects at least one object. [C:/Users/Oliver/Desktop/Digitale systemer/digital_systems/PWA/PWA.srcs/constrs_1/imports/PWA/Nexys_4_DDR_Master.xdc:20]
Resolution: If [get_<value>] was used to populate the object, check to make sure this command returns at least one valid object.
WARNING: [Vivado 12-584] No ports matched 'SW[4]'. [C:/Users/Oliver/Desktop/Digitale systemer/digital_systems/PWA/PWA.srcs/constrs_1/imports/PWA/Nexys_4_DDR_Master.xdc:21]
CRITICAL WARNING: [Common 17-55] 'set_property' expects at least one object. [C:/Users/Oliver/Desktop/Digitale systemer/digital_systems/PWA/PWA.srcs/constrs_1/imports/PWA/Nexys_4_DDR_Master.xdc:21]
Resolution: If [get_<value>] was used to populate the object, check to make sure this command returns at least one valid object.
WARNING: [Vivado 12-584] No ports matched 'SW[5]'. [C:/Users/Oliver/Desktop/Digitale systemer/digital_systems/PWA/PWA.srcs/constrs_1/imports/PWA/Nexys_4_DDR_Master.xdc:22]
CRITICAL WARNING: [Common 17-55] 'set_property' expects at least one object. [C:/Users/Oliver/Desktop/Digitale systemer/digital_systems/PWA/PWA.srcs/constrs_1/imports/PWA/Nexys_4_DDR_Master.xdc:22]
Resolution: If [get_<value>] was used to populate the object, check to make sure this command returns at least one valid object.
WARNING: [Vivado 12-584] No ports matched 'SW[6]'. [C:/Users/Oliver/Desktop/Digitale systemer/digital_systems/PWA/PWA.srcs/constrs_1/imports/PWA/Nexys_4_DDR_Master.xdc:23]
CRITICAL WARNING: [Common 17-55] 'set_property' expects at least one object. [C:/Users/Oliver/Desktop/Digitale systemer/digital_systems/PWA/PWA.srcs/constrs_1/imports/PWA/Nexys_4_DDR_Master.xdc:23]
Resolution: If [get_<value>] was used to populate the object, check to make sure this command returns at least one valid object.
WARNING: [Vivado 12-584] No ports matched 'SW[7]'. [C:/Users/Oliver/Desktop/Digitale systemer/digital_systems/PWA/PWA.srcs/constrs_1/imports/PWA/Nexys_4_DDR_Master.xdc:24]
CRITICAL WARNING: [Common 17-55] 'set_property' expects at least one object. [C:/Users/Oliver/Desktop/Digitale systemer/digital_systems/PWA/PWA.srcs/constrs_1/imports/PWA/Nexys_4_DDR_Master.xdc:24]
Resolution: If [get_<value>] was used to populate the object, check to make sure this command returns at least one valid object.
WARNING: [Vivado 12-584] No ports matched 'LED[0]'. [C:/Users/Oliver/Desktop/Digitale systemer/digital_systems/PWA/PWA.srcs/constrs_1/imports/PWA/Nexys_4_DDR_Master.xdc:37]
CRITICAL WARNING: [Common 17-55] 'set_property' expects at least one object. [C:/Users/Oliver/Desktop/Digitale systemer/digital_systems/PWA/PWA.srcs/constrs_1/imports/PWA/Nexys_4_DDR_Master.xdc:37]
Resolution: If [get_<value>] was used to populate the object, check to make sure this command returns at least one valid object.
WARNING: [Vivado 12-584] No ports matched 'LED[1]'. [C:/Users/Oliver/Desktop/Digitale systemer/digital_systems/PWA/PWA.srcs/constrs_1/imports/PWA/Nexys_4_DDR_Master.xdc:38]
CRITICAL WARNING: [Common 17-55] 'set_property' expects at least one object. [C:/Users/Oliver/Desktop/Digitale systemer/digital_systems/PWA/PWA.srcs/constrs_1/imports/PWA/Nexys_4_DDR_Master.xdc:38]
Resolution: If [get_<value>] was used to populate the object, check to make sure this command returns at least one valid object.
WARNING: [Vivado 12-584] No ports matched 'LED[2]'. [C:/Users/Oliver/Desktop/Digitale systemer/digital_systems/PWA/PWA.srcs/constrs_1/imports/PWA/Nexys_4_DDR_Master.xdc:39]
CRITICAL WARNING: [Common 17-55] 'set_property' expects at least one object. [C:/Users/Oliver/Desktop/Digitale systemer/digital_systems/PWA/PWA.srcs/constrs_1/imports/PWA/Nexys_4_DDR_Master.xdc:39]
Resolution: If [get_<value>] was used to populate the object, check to make sure this command returns at least one valid object.
WARNING: [Vivado 12-584] No ports matched 'LED[3]'. [C:/Users/Oliver/Desktop/Digitale systemer/digital_systems/PWA/PWA.srcs/constrs_1/imports/PWA/Nexys_4_DDR_Master.xdc:40]
CRITICAL WARNING: [Common 17-55] 'set_property' expects at least one object. [C:/Users/Oliver/Desktop/Digitale systemer/digital_systems/PWA/PWA.srcs/constrs_1/imports/PWA/Nexys_4_DDR_Master.xdc:40]
Resolution: If [get_<value>] was used to populate the object, check to make sure this command returns at least one valid object.
WARNING: [Vivado 12-584] No ports matched 'LED[4]'. [C:/Users/Oliver/Desktop/Digitale systemer/digital_systems/PWA/PWA.srcs/constrs_1/imports/PWA/Nexys_4_DDR_Master.xdc:41]
CRITICAL WARNING: [Common 17-55] 'set_property' expects at least one object. [C:/Users/Oliver/Desktop/Digitale systemer/digital_systems/PWA/PWA.srcs/constrs_1/imports/PWA/Nexys_4_DDR_Master.xdc:41]
Resolution: If [get_<value>] was used to populate the object, check to make sure this command returns at least one valid object.
WARNING: [Vivado 12-584] No ports matched 'LED[5]'. [C:/Users/Oliver/Desktop/Digitale systemer/digital_systems/PWA/PWA.srcs/constrs_1/imports/PWA/Nexys_4_DDR_Master.xdc:42]
CRITICAL WARNING: [Common 17-55] 'set_property' expects at least one object. [C:/Users/Oliver/Desktop/Digitale systemer/digital_systems/PWA/PWA.srcs/constrs_1/imports/PWA/Nexys_4_DDR_Master.xdc:42]
Resolution: If [get_<value>] was used to populate the object, check to make sure this command returns at least one valid object.
WARNING: [Vivado 12-584] No ports matched 'LED[6]'. [C:/Users/Oliver/Desktop/Digitale systemer/digital_systems/PWA/PWA.srcs/constrs_1/imports/PWA/Nexys_4_DDR_Master.xdc:43]
CRITICAL WARNING: [Common 17-55] 'set_property' expects at least one object. [C:/Users/Oliver/Desktop/Digitale systemer/digital_systems/PWA/PWA.srcs/constrs_1/imports/PWA/Nexys_4_DDR_Master.xdc:43]
Resolution: If [get_<value>] was used to populate the object, check to make sure this command returns at least one valid object.
WARNING: [Vivado 12-584] No ports matched 'LED[7]'. [C:/Users/Oliver/Desktop/Digitale systemer/digital_systems/PWA/PWA.srcs/constrs_1/imports/PWA/Nexys_4_DDR_Master.xdc:44]
CRITICAL WARNING: [Common 17-55] 'set_property' expects at least one object. [C:/Users/Oliver/Desktop/Digitale systemer/digital_systems/PWA/PWA.srcs/constrs_1/imports/PWA/Nexys_4_DDR_Master.xdc:44]
Resolution: If [get_<value>] was used to populate the object, check to make sure this command returns at least one valid object.
WARNING: [Vivado 12-584] No ports matched 'segments[0]'. [C:/Users/Oliver/Desktop/Digitale systemer/digital_systems/PWA/PWA.srcs/constrs_1/imports/PWA/Nexys_4_DDR_Master.xdc:64]
CRITICAL WARNING: [Common 17-55] 'set_property' expects at least one object. [C:/Users/Oliver/Desktop/Digitale systemer/digital_systems/PWA/PWA.srcs/constrs_1/imports/PWA/Nexys_4_DDR_Master.xdc:64]
Resolution: If [get_<value>] was used to populate the object, check to make sure this command returns at least one valid object.
WARNING: [Vivado 12-584] No ports matched 'segments[1]'. [C:/Users/Oliver/Desktop/Digitale systemer/digital_systems/PWA/PWA.srcs/constrs_1/imports/PWA/Nexys_4_DDR_Master.xdc:65]
CRITICAL WARNING: [Common 17-55] 'set_property' expects at least one object. [C:/Users/Oliver/Desktop/Digitale systemer/digital_systems/PWA/PWA.srcs/constrs_1/imports/PWA/Nexys_4_DDR_Master.xdc:65]
Resolution: If [get_<value>] was used to populate the object, check to make sure this command returns at least one valid object.
WARNING: [Vivado 12-584] No ports matched 'segments[2]'. [C:/Users/Oliver/Desktop/Digitale systemer/digital_systems/PWA/PWA.srcs/constrs_1/imports/PWA/Nexys_4_DDR_Master.xdc:66]
CRITICAL WARNING: [Common 17-55] 'set_property' expects at least one object. [C:/Users/Oliver/Desktop/Digitale systemer/digital_systems/PWA/PWA.srcs/constrs_1/imports/PWA/Nexys_4_DDR_Master.xdc:66]
Resolution: If [get_<value>] was used to populate the object, check to make sure this command returns at least one valid object.
WARNING: [Vivado 12-584] No ports matched 'segments[3]'. [C:/Users/Oliver/Desktop/Digitale systemer/digital_systems/PWA/PWA.srcs/constrs_1/imports/PWA/Nexys_4_DDR_Master.xdc:67]
CRITICAL WARNING: [Common 17-55] 'set_property' expects at least one object. [C:/Users/Oliver/Desktop/Digitale systemer/digital_systems/PWA/PWA.srcs/constrs_1/imports/PWA/Nexys_4_DDR_Master.xdc:67]
Resolution: If [get_<value>] was used to populate the object, check to make sure this command returns at least one valid object.
WARNING: [Vivado 12-584] No ports matched 'segments[4]'. [C:/Users/Oliver/Desktop/Digitale systemer/digital_systems/PWA/PWA.srcs/constrs_1/imports/PWA/Nexys_4_DDR_Master.xdc:68]
CRITICAL WARNING: [Common 17-55] 'set_property' expects at least one object. [C:/Users/Oliver/Desktop/Digitale systemer/digital_systems/PWA/PWA.srcs/constrs_1/imports/PWA/Nexys_4_DDR_Master.xdc:68]
Resolution: If [get_<value>] was used to populate the object, check to make sure this command returns at least one valid object.
WARNING: [Vivado 12-584] No ports matched 'segments[5]'. [C:/Users/Oliver/Desktop/Digitale systemer/digital_systems/PWA/PWA.srcs/constrs_1/imports/PWA/Nexys_4_DDR_Master.xdc:69]
CRITICAL WARNING: [Common 17-55] 'set_property' expects at least one object. [C:/Users/Oliver/Desktop/Digitale systemer/digital_systems/PWA/PWA.srcs/constrs_1/imports/PWA/Nexys_4_DDR_Master.xdc:69]
Resolution: If [get_<value>] was used to populate the object, check to make sure this command returns at least one valid object.
WARNING: [Vivado 12-584] No ports matched 'segments[6]'. [C:/Users/Oliver/Desktop/Digitale systemer/digital_systems/PWA/PWA.srcs/constrs_1/imports/PWA/Nexys_4_DDR_Master.xdc:70]
CRITICAL WARNING: [Common 17-55] 'set_property' expects at least one object. [C:/Users/Oliver/Desktop/Digitale systemer/digital_systems/PWA/PWA.srcs/constrs_1/imports/PWA/Nexys_4_DDR_Master.xdc:70]
Resolution: If [get_<value>] was used to populate the object, check to make sure this command returns at least one valid object.
WARNING: [Vivado 12-584] No ports matched 'dp'. [C:/Users/Oliver/Desktop/Digitale systemer/digital_systems/PWA/PWA.srcs/constrs_1/imports/PWA/Nexys_4_DDR_Master.xdc:72]
CRITICAL WARNING: [Common 17-55] 'set_property' expects at least one object. [C:/Users/Oliver/Desktop/Digitale systemer/digital_systems/PWA/PWA.srcs/constrs_1/imports/PWA/Nexys_4_DDR_Master.xdc:72]
Resolution: If [get_<value>] was used to populate the object, check to make sure this command returns at least one valid object.
WARNING: [Vivado 12-584] No ports matched 'Anode[0]'. [C:/Users/Oliver/Desktop/Digitale systemer/digital_systems/PWA/PWA.srcs/constrs_1/imports/PWA/Nexys_4_DDR_Master.xdc:74]
CRITICAL WARNING: [Common 17-55] 'set_property' expects at least one object. [C:/Users/Oliver/Desktop/Digitale systemer/digital_systems/PWA/PWA.srcs/constrs_1/imports/PWA/Nexys_4_DDR_Master.xdc:74]
Resolution: If [get_<value>] was used to populate the object, check to make sure this command returns at least one valid object.
WARNING: [Vivado 12-584] No ports matched 'Anode[1]'. [C:/Users/Oliver/Desktop/Digitale systemer/digital_systems/PWA/PWA.srcs/constrs_1/imports/PWA/Nexys_4_DDR_Master.xdc:75]
CRITICAL WARNING: [Common 17-55] 'set_property' expects at least one object. [C:/Users/Oliver/Desktop/Digitale systemer/digital_systems/PWA/PWA.srcs/constrs_1/imports/PWA/Nexys_4_DDR_Master.xdc:75]
Resolution: If [get_<value>] was used to populate the object, check to make sure this command returns at least one valid object.
WARNING: [Vivado 12-584] No ports matched 'Anode[2]'. [C:/Users/Oliver/Desktop/Digitale systemer/digital_systems/PWA/PWA.srcs/constrs_1/imports/PWA/Nexys_4_DDR_Master.xdc:76]
CRITICAL WARNING: [Common 17-55] 'set_property' expects at least one object. [C:/Users/Oliver/Desktop/Digitale systemer/digital_systems/PWA/PWA.srcs/constrs_1/imports/PWA/Nexys_4_DDR_Master.xdc:76]
Resolution: If [get_<value>] was used to populate the object, check to make sure this command returns at least one valid object.
WARNING: [Vivado 12-584] No ports matched 'Anode[3]'. [C:/Users/Oliver/Desktop/Digitale systemer/digital_systems/PWA/PWA.srcs/constrs_1/imports/PWA/Nexys_4_DDR_Master.xdc:77]
CRITICAL WARNING: [Common 17-55] 'set_property' expects at least one object. [C:/Users/Oliver/Desktop/Digitale systemer/digital_systems/PWA/PWA.srcs/constrs_1/imports/PWA/Nexys_4_DDR_Master.xdc:77]
Resolution: If [get_<value>] was used to populate the object, check to make sure this command returns at least one valid object.
WARNING: [Vivado 12-584] No ports matched 'Anode[4]'. [C:/Users/Oliver/Desktop/Digitale systemer/digital_systems/PWA/PWA.srcs/constrs_1/imports/PWA/Nexys_4_DDR_Master.xdc:78]
CRITICAL WARNING: [Common 17-55] 'set_property' expects at least one object. [C:/Users/Oliver/Desktop/Digitale systemer/digital_systems/PWA/PWA.srcs/constrs_1/imports/PWA/Nexys_4_DDR_Master.xdc:78]
Resolution: If [get_<value>] was used to populate the object, check to make sure this command returns at least one valid object.
WARNING: [Vivado 12-584] No ports matched 'Anode[5]'. [C:/Users/Oliver/Desktop/Digitale systemer/digital_systems/PWA/PWA.srcs/constrs_1/imports/PWA/Nexys_4_DDR_Master.xdc:79]
CRITICAL WARNING: [Common 17-55] 'set_property' expects at least one object. [C:/Users/Oliver/Desktop/Digitale systemer/digital_systems/PWA/PWA.srcs/constrs_1/imports/PWA/Nexys_4_DDR_Master.xdc:79]
Resolution: If [get_<value>] was used to populate the object, check to make sure this command returns at least one valid object.
WARNING: [Vivado 12-584] No ports matched 'Anode[6]'. [C:/Users/Oliver/Desktop/Digitale systemer/digital_systems/PWA/PWA.srcs/constrs_1/imports/PWA/Nexys_4_DDR_Master.xdc:80]
CRITICAL WARNING: [Common 17-55] 'set_property' expects at least one object. [C:/Users/Oliver/Desktop/Digitale systemer/digital_systems/PWA/PWA.srcs/constrs_1/imports/PWA/Nexys_4_DDR_Master.xdc:80]
Resolution: If [get_<value>] was used to populate the object, check to make sure this command returns at least one valid object.
WARNING: [Vivado 12-584] No ports matched 'Anode[7]'. [C:/Users/Oliver/Desktop/Digitale systemer/digital_systems/PWA/PWA.srcs/constrs_1/imports/PWA/Nexys_4_DDR_Master.xdc:81]
CRITICAL WARNING: [Common 17-55] 'set_property' expects at least one object. [C:/Users/Oliver/Desktop/Digitale systemer/digital_systems/PWA/PWA.srcs/constrs_1/imports/PWA/Nexys_4_DDR_Master.xdc:81]
Resolution: If [get_<value>] was used to populate the object, check to make sure this command returns at least one valid object.
WARNING: [Vivado 12-584] No ports matched 'RESET'. [C:/Users/Oliver/Desktop/Digitale systemer/digital_systems/PWA/PWA.srcs/constrs_1/imports/PWA/Nexys_4_DDR_Master.xdc:86]
CRITICAL WARNING: [Common 17-55] 'set_property' expects at least one object. [C:/Users/Oliver/Desktop/Digitale systemer/digital_systems/PWA/PWA.srcs/constrs_1/imports/PWA/Nexys_4_DDR_Master.xdc:86]
Resolution: If [get_<value>] was used to populate the object, check to make sure this command returns at least one valid object.
WARNING: [Vivado 12-584] No ports matched 'BTNC'. [C:/Users/Oliver/Desktop/Digitale systemer/digital_systems/PWA/PWA.srcs/constrs_1/imports/PWA/Nexys_4_DDR_Master.xdc:88]
CRITICAL WARNING: [Common 17-55] 'set_property' expects at least one object. [C:/Users/Oliver/Desktop/Digitale systemer/digital_systems/PWA/PWA.srcs/constrs_1/imports/PWA/Nexys_4_DDR_Master.xdc:88]
Resolution: If [get_<value>] was used to populate the object, check to make sure this command returns at least one valid object.
WARNING: [Vivado 12-584] No ports matched 'BTNU'. [C:/Users/Oliver/Desktop/Digitale systemer/digital_systems/PWA/PWA.srcs/constrs_1/imports/PWA/Nexys_4_DDR_Master.xdc:89]
CRITICAL WARNING: [Common 17-55] 'set_property' expects at least one object. [C:/Users/Oliver/Desktop/Digitale systemer/digital_systems/PWA/PWA.srcs/constrs_1/imports/PWA/Nexys_4_DDR_Master.xdc:89]
Resolution: If [get_<value>] was used to populate the object, check to make sure this command returns at least one valid object.
WARNING: [Vivado 12-584] No ports matched 'BTNL'. [C:/Users/Oliver/Desktop/Digitale systemer/digital_systems/PWA/PWA.srcs/constrs_1/imports/PWA/Nexys_4_DDR_Master.xdc:90]
CRITICAL WARNING: [Common 17-55] 'set_property' expects at least one object. [C:/Users/Oliver/Desktop/Digitale systemer/digital_systems/PWA/PWA.srcs/constrs_1/imports/PWA/Nexys_4_DDR_Master.xdc:90]
Resolution: If [get_<value>] was used to populate the object, check to make sure this command returns at least one valid object.
WARNING: [Vivado 12-584] No ports matched 'BTNR'. [C:/Users/Oliver/Desktop/Digitale systemer/digital_systems/PWA/PWA.srcs/constrs_1/imports/PWA/Nexys_4_DDR_Master.xdc:91]
CRITICAL WARNING: [Common 17-55] 'set_property' expects at least one object. [C:/Users/Oliver/Desktop/Digitale systemer/digital_systems/PWA/PWA.srcs/constrs_1/imports/PWA/Nexys_4_DDR_Master.xdc:91]
Resolution: If [get_<value>] was used to populate the object, check to make sure this command returns at least one valid object.
WARNING: [Vivado 12-584] No ports matched 'BTND'. [C:/Users/Oliver/Desktop/Digitale systemer/digital_systems/PWA/PWA.srcs/constrs_1/imports/PWA/Nexys_4_DDR_Master.xdc:92]
CRITICAL WARNING: [Common 17-55] 'set_property' expects at least one object. [C:/Users/Oliver/Desktop/Digitale systemer/digital_systems/PWA/PWA.srcs/constrs_1/imports/PWA/Nexys_4_DDR_Master.xdc:92]
Resolution: If [get_<value>] was used to populate the object, check to make sure this command returns at least one valid object.
Finished Parsing XDC File [C:/Users/Oliver/Desktop/Digitale systemer/digital_systems/PWA/PWA.srcs/constrs_1/imports/PWA/Nexys_4_DDR_Master.xdc]
INFO: [Project 1-236] Implementation specific constraints were found while reading constraint file [C:/Users/Oliver/Desktop/Digitale systemer/digital_systems/PWA/PWA.srcs/constrs_1/imports/PWA/Nexys_4_DDR_Master.xdc]. These constraints will be ignored for synthesis but will be used in implementation. Impacted constraints are listed in the file [.Xil/ALU_propImpl.xdc].
Resolution: To avoid this warning, move constraints listed in [.Xil/ALU_propImpl.xdc] to another XDC file and exclude this new file from synthesis with the used_in_synthesis property (File Properties dialog in GUI) and re-run elaboration/synthesis.
Completed Processing XDC Constraints

INFO: [Opt 31-138] Pushed 0 inverter(s) to 0 load pin(s).
INFO: [Project 1-111] Unisim Transformation Summary:
No Unisim elements were transformed.

RTL Elaboration Complete:  : Time (s): cpu = 00:00:08 ; elapsed = 00:00:12 . Memory (MB): peak = 1362.441 ; gain = 351.176
24 Infos, 40 Warnings, 41 Critical Warnings and 0 Errors encountered.
synth_design completed successfully
synth_design: Time (s): cpu = 00:00:08 ; elapsed = 00:00:12 . Memory (MB): peak = 1362.441 ; gain = 351.176
