Copyright 1986-2018 Xilinx, Inc. All Rights Reserved.
-----------------------------------------------------------------------------------------------------------------------------------------------
| Tool Version : Vivado v.2018.2 (lin64) Build 2258646 Thu Jun 14 20:02:38 MDT 2018
| Date         : Wed May  3 09:20:48 2023
| Host         : n-62-27-19 running 64-bit Scientific Linux release 7.9 (Nitrogen)
| Command      : report_methodology -file PWF_methodology_drc_routed.rpt -pb PWF_methodology_drc_routed.pb -rpx PWF_methodology_drc_routed.rpx
| Design       : PWF
| Device       : xc7a100tcsg324-1
| Speed File   : -1
| Design State : Routed
-----------------------------------------------------------------------------------------------------------------------------------------------

Report Methodology

Table of Contents
-----------------
1. REPORT SUMMARY
2. REPORT DETAILS

1. REPORT SUMMARY
-----------------
            Netlist: netlist
          Floorplan: design_1
      Design limits: <entire design considered>
             Max violations: <unlimited>
             Violations found: 283
+-----------+----------+-------------------------------+------------+
| Rule      | Severity | Description                   | Violations |
+-----------+----------+-------------------------------+------------+
| TIMING-17 | Warning  | Non-clocked sequential cell   | 242        |
| TIMING-18 | Warning  | Missing input or output delay | 1          |
| TIMING-20 | Warning  | Non-clocked latch             | 40         |
+-----------+----------+-------------------------------+------------+

2. REPORT DETAILS
-----------------
TIMING-17#1 Warning
Non-clocked sequential cell  
The clock pin DataPathComp/RegFile/U2/R0_gen[0].UR0_gen/Q_reg/C is not reached by a timing clock
Related violations: <none>

TIMING-17#2 Warning
Non-clocked sequential cell  
The clock pin DataPathComp/RegFile/U2/R0_gen[1].UR0_gen/Q_reg/C is not reached by a timing clock
Related violations: <none>

TIMING-17#3 Warning
Non-clocked sequential cell  
The clock pin DataPathComp/RegFile/U2/R0_gen[2].UR0_gen/Q_reg/C is not reached by a timing clock
Related violations: <none>

TIMING-17#4 Warning
Non-clocked sequential cell  
The clock pin DataPathComp/RegFile/U2/R0_gen[3].UR0_gen/Q_reg/C is not reached by a timing clock
Related violations: <none>

TIMING-17#5 Warning
Non-clocked sequential cell  
The clock pin DataPathComp/RegFile/U2/R0_gen[4].UR0_gen/Q_reg/C is not reached by a timing clock
Related violations: <none>

TIMING-17#6 Warning
Non-clocked sequential cell  
The clock pin DataPathComp/RegFile/U2/R0_gen[5].UR0_gen/Q_reg/C is not reached by a timing clock
Related violations: <none>

TIMING-17#7 Warning
Non-clocked sequential cell  
The clock pin DataPathComp/RegFile/U2/R0_gen[6].UR0_gen/Q_reg/C is not reached by a timing clock
Related violations: <none>

TIMING-17#8 Warning
Non-clocked sequential cell  
The clock pin DataPathComp/RegFile/U2/R0_gen[7].UR0_gen/Q_reg/C is not reached by a timing clock
Related violations: <none>

TIMING-17#9 Warning
Non-clocked sequential cell  
The clock pin DataPathComp/RegFile/U2/R10_gen[0].UR10_gen/Q_reg/C is not reached by a timing clock
Related violations: <none>

TIMING-17#10 Warning
Non-clocked sequential cell  
The clock pin DataPathComp/RegFile/U2/R10_gen[1].UR10_gen/Q_reg/C is not reached by a timing clock
Related violations: <none>

TIMING-17#11 Warning
Non-clocked sequential cell  
The clock pin DataPathComp/RegFile/U2/R10_gen[2].UR10_gen/Q_reg/C is not reached by a timing clock
Related violations: <none>

TIMING-17#12 Warning
Non-clocked sequential cell  
The clock pin DataPathComp/RegFile/U2/R10_gen[3].UR10_gen/Q_reg/C is not reached by a timing clock
Related violations: <none>

TIMING-17#13 Warning
Non-clocked sequential cell  
The clock pin DataPathComp/RegFile/U2/R10_gen[4].UR10_gen/Q_reg/C is not reached by a timing clock
Related violations: <none>

TIMING-17#14 Warning
Non-clocked sequential cell  
The clock pin DataPathComp/RegFile/U2/R10_gen[5].UR10_gen/Q_reg/C is not reached by a timing clock
Related violations: <none>

TIMING-17#15 Warning
Non-clocked sequential cell  
The clock pin DataPathComp/RegFile/U2/R10_gen[6].UR10_gen/Q_reg/C is not reached by a timing clock
Related violations: <none>

TIMING-17#16 Warning
Non-clocked sequential cell  
The clock pin DataPathComp/RegFile/U2/R10_gen[7].UR10_gen/Q_reg/C is not reached by a timing clock
Related violations: <none>

TIMING-17#17 Warning
Non-clocked sequential cell  
The clock pin DataPathComp/RegFile/U2/R11_gen[0].UR11_gen/Q_reg/C is not reached by a timing clock
Related violations: <none>

TIMING-17#18 Warning
Non-clocked sequential cell  
The clock pin DataPathComp/RegFile/U2/R11_gen[1].UR11_gen/Q_reg/C is not reached by a timing clock
Related violations: <none>

TIMING-17#19 Warning
Non-clocked sequential cell  
The clock pin DataPathComp/RegFile/U2/R11_gen[2].UR11_gen/Q_reg/C is not reached by a timing clock
Related violations: <none>

TIMING-17#20 Warning
Non-clocked sequential cell  
The clock pin DataPathComp/RegFile/U2/R11_gen[3].UR11_gen/Q_reg/C is not reached by a timing clock
Related violations: <none>

TIMING-17#21 Warning
Non-clocked sequential cell  
The clock pin DataPathComp/RegFile/U2/R11_gen[4].UR11_gen/Q_reg/C is not reached by a timing clock
Related violations: <none>

TIMING-17#22 Warning
Non-clocked sequential cell  
The clock pin DataPathComp/RegFile/U2/R11_gen[5].UR11_gen/Q_reg/C is not reached by a timing clock
Related violations: <none>

TIMING-17#23 Warning
Non-clocked sequential cell  
The clock pin DataPathComp/RegFile/U2/R11_gen[6].UR11_gen/Q_reg/C is not reached by a timing clock
Related violations: <none>

TIMING-17#24 Warning
Non-clocked sequential cell  
The clock pin DataPathComp/RegFile/U2/R11_gen[7].UR11_gen/Q_reg/C is not reached by a timing clock
Related violations: <none>

TIMING-17#25 Warning
Non-clocked sequential cell  
The clock pin DataPathComp/RegFile/U2/R12_gen[0].UR12_gen/Q_reg/C is not reached by a timing clock
Related violations: <none>

TIMING-17#26 Warning
Non-clocked sequential cell  
The clock pin DataPathComp/RegFile/U2/R12_gen[1].UR12_gen/Q_reg/C is not reached by a timing clock
Related violations: <none>

TIMING-17#27 Warning
Non-clocked sequential cell  
The clock pin DataPathComp/RegFile/U2/R12_gen[2].UR12_gen/Q_reg/C is not reached by a timing clock
Related violations: <none>

TIMING-17#28 Warning
Non-clocked sequential cell  
The clock pin DataPathComp/RegFile/U2/R12_gen[3].UR12_gen/Q_reg/C is not reached by a timing clock
Related violations: <none>

TIMING-17#29 Warning
Non-clocked sequential cell  
The clock pin DataPathComp/RegFile/U2/R12_gen[4].UR12_gen/Q_reg/C is not reached by a timing clock
Related violations: <none>

TIMING-17#30 Warning
Non-clocked sequential cell  
The clock pin DataPathComp/RegFile/U2/R12_gen[5].UR12_gen/Q_reg/C is not reached by a timing clock
Related violations: <none>

TIMING-17#31 Warning
Non-clocked sequential cell  
The clock pin DataPathComp/RegFile/U2/R12_gen[6].UR12_gen/Q_reg/C is not reached by a timing clock
Related violations: <none>

TIMING-17#32 Warning
Non-clocked sequential cell  
The clock pin DataPathComp/RegFile/U2/R12_gen[7].UR12_gen/Q_reg/C is not reached by a timing clock
Related violations: <none>

TIMING-17#33 Warning
Non-clocked sequential cell  
The clock pin DataPathComp/RegFile/U2/R13_gen[0].UR13_gen/Q_reg/C is not reached by a timing clock
Related violations: <none>

TIMING-17#34 Warning
Non-clocked sequential cell  
The clock pin DataPathComp/RegFile/U2/R13_gen[1].UR13_gen/Q_reg/C is not reached by a timing clock
Related violations: <none>

TIMING-17#35 Warning
Non-clocked sequential cell  
The clock pin DataPathComp/RegFile/U2/R13_gen[2].UR13_gen/Q_reg/C is not reached by a timing clock
Related violations: <none>

TIMING-17#36 Warning
Non-clocked sequential cell  
The clock pin DataPathComp/RegFile/U2/R13_gen[3].UR13_gen/Q_reg/C is not reached by a timing clock
Related violations: <none>

TIMING-17#37 Warning
Non-clocked sequential cell  
The clock pin DataPathComp/RegFile/U2/R13_gen[4].UR13_gen/Q_reg/C is not reached by a timing clock
Related violations: <none>

TIMING-17#38 Warning
Non-clocked sequential cell  
The clock pin DataPathComp/RegFile/U2/R13_gen[5].UR13_gen/Q_reg/C is not reached by a timing clock
Related violations: <none>

TIMING-17#39 Warning
Non-clocked sequential cell  
The clock pin DataPathComp/RegFile/U2/R13_gen[6].UR13_gen/Q_reg/C is not reached by a timing clock
Related violations: <none>

TIMING-17#40 Warning
Non-clocked sequential cell  
The clock pin DataPathComp/RegFile/U2/R13_gen[7].UR13_gen/Q_reg/C is not reached by a timing clock
Related violations: <none>

TIMING-17#41 Warning
Non-clocked sequential cell  
The clock pin DataPathComp/RegFile/U2/R14_gen[0].UR14_gen/Q_reg/C is not reached by a timing clock
Related violations: <none>

TIMING-17#42 Warning
Non-clocked sequential cell  
The clock pin DataPathComp/RegFile/U2/R14_gen[1].UR14_gen/Q_reg/C is not reached by a timing clock
Related violations: <none>

TIMING-17#43 Warning
Non-clocked sequential cell  
The clock pin DataPathComp/RegFile/U2/R14_gen[2].UR14_gen/Q_reg/C is not reached by a timing clock
Related violations: <none>

TIMING-17#44 Warning
Non-clocked sequential cell  
The clock pin DataPathComp/RegFile/U2/R14_gen[3].UR14_gen/Q_reg/C is not reached by a timing clock
Related violations: <none>

TIMING-17#45 Warning
Non-clocked sequential cell  
The clock pin DataPathComp/RegFile/U2/R14_gen[4].UR14_gen/Q_reg/C is not reached by a timing clock
Related violations: <none>

TIMING-17#46 Warning
Non-clocked sequential cell  
The clock pin DataPathComp/RegFile/U2/R14_gen[5].UR14_gen/Q_reg/C is not reached by a timing clock
Related violations: <none>

TIMING-17#47 Warning
Non-clocked sequential cell  
The clock pin DataPathComp/RegFile/U2/R14_gen[6].UR14_gen/Q_reg/C is not reached by a timing clock
Related violations: <none>

TIMING-17#48 Warning
Non-clocked sequential cell  
The clock pin DataPathComp/RegFile/U2/R14_gen[7].UR14_gen/Q_reg/C is not reached by a timing clock
Related violations: <none>

TIMING-17#49 Warning
Non-clocked sequential cell  
The clock pin DataPathComp/RegFile/U2/R15_gen[0].UR15_gen/Q_reg/C is not reached by a timing clock
Related violations: <none>

TIMING-17#50 Warning
Non-clocked sequential cell  
The clock pin DataPathComp/RegFile/U2/R15_gen[1].UR15_gen/Q_reg/C is not reached by a timing clock
Related violations: <none>

TIMING-17#51 Warning
Non-clocked sequential cell  
The clock pin DataPathComp/RegFile/U2/R15_gen[2].UR15_gen/Q_reg/C is not reached by a timing clock
Related violations: <none>

TIMING-17#52 Warning
Non-clocked sequential cell  
The clock pin DataPathComp/RegFile/U2/R15_gen[3].UR15_gen/Q_reg/C is not reached by a timing clock
Related violations: <none>

TIMING-17#53 Warning
Non-clocked sequential cell  
The clock pin DataPathComp/RegFile/U2/R15_gen[4].UR15_gen/Q_reg/C is not reached by a timing clock
Related violations: <none>

TIMING-17#54 Warning
Non-clocked sequential cell  
The clock pin DataPathComp/RegFile/U2/R15_gen[5].UR15_gen/Q_reg/C is not reached by a timing clock
Related violations: <none>

TIMING-17#55 Warning
Non-clocked sequential cell  
The clock pin DataPathComp/RegFile/U2/R15_gen[6].UR15_gen/Q_reg/C is not reached by a timing clock
Related violations: <none>

TIMING-17#56 Warning
Non-clocked sequential cell  
The clock pin DataPathComp/RegFile/U2/R15_gen[7].UR15_gen/Q_reg/C is not reached by a timing clock
Related violations: <none>

TIMING-17#57 Warning
Non-clocked sequential cell  
The clock pin DataPathComp/RegFile/U2/R1_gen[0].UR1_gen/Q_reg/C is not reached by a timing clock
Related violations: <none>

TIMING-17#58 Warning
Non-clocked sequential cell  
The clock pin DataPathComp/RegFile/U2/R1_gen[1].UR1_gen/Q_reg/C is not reached by a timing clock
Related violations: <none>

TIMING-17#59 Warning
Non-clocked sequential cell  
The clock pin DataPathComp/RegFile/U2/R1_gen[2].UR1_gen/Q_reg/C is not reached by a timing clock
Related violations: <none>

TIMING-17#60 Warning
Non-clocked sequential cell  
The clock pin DataPathComp/RegFile/U2/R1_gen[3].UR1_gen/Q_reg/C is not reached by a timing clock
Related violations: <none>

TIMING-17#61 Warning
Non-clocked sequential cell  
The clock pin DataPathComp/RegFile/U2/R1_gen[4].UR1_gen/Q_reg/C is not reached by a timing clock
Related violations: <none>

TIMING-17#62 Warning
Non-clocked sequential cell  
The clock pin DataPathComp/RegFile/U2/R1_gen[5].UR1_gen/Q_reg/C is not reached by a timing clock
Related violations: <none>

TIMING-17#63 Warning
Non-clocked sequential cell  
The clock pin DataPathComp/RegFile/U2/R1_gen[6].UR1_gen/Q_reg/C is not reached by a timing clock
Related violations: <none>

TIMING-17#64 Warning
Non-clocked sequential cell  
The clock pin DataPathComp/RegFile/U2/R1_gen[7].UR1_gen/Q_reg/C is not reached by a timing clock
Related violations: <none>

TIMING-17#65 Warning
Non-clocked sequential cell  
The clock pin DataPathComp/RegFile/U2/R2_gen[0].UR2_gen/Q_reg/C is not reached by a timing clock
Related violations: <none>

TIMING-17#66 Warning
Non-clocked sequential cell  
The clock pin DataPathComp/RegFile/U2/R2_gen[1].UR2_gen/Q_reg/C is not reached by a timing clock
Related violations: <none>

TIMING-17#67 Warning
Non-clocked sequential cell  
The clock pin DataPathComp/RegFile/U2/R2_gen[2].UR2_gen/Q_reg/C is not reached by a timing clock
Related violations: <none>

TIMING-17#68 Warning
Non-clocked sequential cell  
The clock pin DataPathComp/RegFile/U2/R2_gen[3].UR2_gen/Q_reg/C is not reached by a timing clock
Related violations: <none>

TIMING-17#69 Warning
Non-clocked sequential cell  
The clock pin DataPathComp/RegFile/U2/R2_gen[4].UR2_gen/Q_reg/C is not reached by a timing clock
Related violations: <none>

TIMING-17#70 Warning
Non-clocked sequential cell  
The clock pin DataPathComp/RegFile/U2/R2_gen[5].UR2_gen/Q_reg/C is not reached by a timing clock
Related violations: <none>

TIMING-17#71 Warning
Non-clocked sequential cell  
The clock pin DataPathComp/RegFile/U2/R2_gen[6].UR2_gen/Q_reg/C is not reached by a timing clock
Related violations: <none>

TIMING-17#72 Warning
Non-clocked sequential cell  
The clock pin DataPathComp/RegFile/U2/R2_gen[7].UR2_gen/Q_reg/C is not reached by a timing clock
Related violations: <none>

TIMING-17#73 Warning
Non-clocked sequential cell  
The clock pin DataPathComp/RegFile/U2/R3_gen[0].UR3_gen/Q_reg/C is not reached by a timing clock
Related violations: <none>

TIMING-17#74 Warning
Non-clocked sequential cell  
The clock pin DataPathComp/RegFile/U2/R3_gen[1].UR3_gen/Q_reg/C is not reached by a timing clock
Related violations: <none>

TIMING-17#75 Warning
Non-clocked sequential cell  
The clock pin DataPathComp/RegFile/U2/R3_gen[2].UR3_gen/Q_reg/C is not reached by a timing clock
Related violations: <none>

TIMING-17#76 Warning
Non-clocked sequential cell  
The clock pin DataPathComp/RegFile/U2/R3_gen[3].UR3_gen/Q_reg/C is not reached by a timing clock
Related violations: <none>

TIMING-17#77 Warning
Non-clocked sequential cell  
The clock pin DataPathComp/RegFile/U2/R3_gen[4].UR3_gen/Q_reg/C is not reached by a timing clock
Related violations: <none>

TIMING-17#78 Warning
Non-clocked sequential cell  
The clock pin DataPathComp/RegFile/U2/R3_gen[5].UR3_gen/Q_reg/C is not reached by a timing clock
Related violations: <none>

TIMING-17#79 Warning
Non-clocked sequential cell  
The clock pin DataPathComp/RegFile/U2/R3_gen[6].UR3_gen/Q_reg/C is not reached by a timing clock
Related violations: <none>

TIMING-17#80 Warning
Non-clocked sequential cell  
The clock pin DataPathComp/RegFile/U2/R3_gen[7].UR3_gen/Q_reg/C is not reached by a timing clock
Related violations: <none>

TIMING-17#81 Warning
Non-clocked sequential cell  
The clock pin DataPathComp/RegFile/U2/R4_gen[0].UR4_gen/Q_reg/C is not reached by a timing clock
Related violations: <none>

TIMING-17#82 Warning
Non-clocked sequential cell  
The clock pin DataPathComp/RegFile/U2/R4_gen[1].UR4_gen/Q_reg/C is not reached by a timing clock
Related violations: <none>

TIMING-17#83 Warning
Non-clocked sequential cell  
The clock pin DataPathComp/RegFile/U2/R4_gen[2].UR4_gen/Q_reg/C is not reached by a timing clock
Related violations: <none>

TIMING-17#84 Warning
Non-clocked sequential cell  
The clock pin DataPathComp/RegFile/U2/R4_gen[3].UR4_gen/Q_reg/C is not reached by a timing clock
Related violations: <none>

TIMING-17#85 Warning
Non-clocked sequential cell  
The clock pin DataPathComp/RegFile/U2/R4_gen[4].UR4_gen/Q_reg/C is not reached by a timing clock
Related violations: <none>

TIMING-17#86 Warning
Non-clocked sequential cell  
The clock pin DataPathComp/RegFile/U2/R4_gen[5].UR4_gen/Q_reg/C is not reached by a timing clock
Related violations: <none>

TIMING-17#87 Warning
Non-clocked sequential cell  
The clock pin DataPathComp/RegFile/U2/R4_gen[6].UR4_gen/Q_reg/C is not reached by a timing clock
Related violations: <none>

TIMING-17#88 Warning
Non-clocked sequential cell  
The clock pin DataPathComp/RegFile/U2/R4_gen[7].UR4_gen/Q_reg/C is not reached by a timing clock
Related violations: <none>

TIMING-17#89 Warning
Non-clocked sequential cell  
The clock pin DataPathComp/RegFile/U2/R5_gen[0].UR5_gen/Q_reg/C is not reached by a timing clock
Related violations: <none>

TIMING-17#90 Warning
Non-clocked sequential cell  
The clock pin DataPathComp/RegFile/U2/R5_gen[1].UR5_gen/Q_reg/C is not reached by a timing clock
Related violations: <none>

TIMING-17#91 Warning
Non-clocked sequential cell  
The clock pin DataPathComp/RegFile/U2/R5_gen[2].UR5_gen/Q_reg/C is not reached by a timing clock
Related violations: <none>

TIMING-17#92 Warning
Non-clocked sequential cell  
The clock pin DataPathComp/RegFile/U2/R5_gen[3].UR5_gen/Q_reg/C is not reached by a timing clock
Related violations: <none>

TIMING-17#93 Warning
Non-clocked sequential cell  
The clock pin DataPathComp/RegFile/U2/R5_gen[4].UR5_gen/Q_reg/C is not reached by a timing clock
Related violations: <none>

TIMING-17#94 Warning
Non-clocked sequential cell  
The clock pin DataPathComp/RegFile/U2/R5_gen[5].UR5_gen/Q_reg/C is not reached by a timing clock
Related violations: <none>

TIMING-17#95 Warning
Non-clocked sequential cell  
The clock pin DataPathComp/RegFile/U2/R5_gen[6].UR5_gen/Q_reg/C is not reached by a timing clock
Related violations: <none>

TIMING-17#96 Warning
Non-clocked sequential cell  
The clock pin DataPathComp/RegFile/U2/R5_gen[7].UR5_gen/Q_reg/C is not reached by a timing clock
Related violations: <none>

TIMING-17#97 Warning
Non-clocked sequential cell  
The clock pin DataPathComp/RegFile/U2/R6_gen[0].UR6_gen/Q_reg/C is not reached by a timing clock
Related violations: <none>

TIMING-17#98 Warning
Non-clocked sequential cell  
The clock pin DataPathComp/RegFile/U2/R6_gen[1].UR6_gen/Q_reg/C is not reached by a timing clock
Related violations: <none>

TIMING-17#99 Warning
Non-clocked sequential cell  
The clock pin DataPathComp/RegFile/U2/R6_gen[2].UR6_gen/Q_reg/C is not reached by a timing clock
Related violations: <none>

TIMING-17#100 Warning
Non-clocked sequential cell  
The clock pin DataPathComp/RegFile/U2/R6_gen[3].UR6_gen/Q_reg/C is not reached by a timing clock
Related violations: <none>

TIMING-17#101 Warning
Non-clocked sequential cell  
The clock pin DataPathComp/RegFile/U2/R6_gen[4].UR6_gen/Q_reg/C is not reached by a timing clock
Related violations: <none>

TIMING-17#102 Warning
Non-clocked sequential cell  
The clock pin DataPathComp/RegFile/U2/R6_gen[5].UR6_gen/Q_reg/C is not reached by a timing clock
Related violations: <none>

TIMING-17#103 Warning
Non-clocked sequential cell  
The clock pin DataPathComp/RegFile/U2/R6_gen[6].UR6_gen/Q_reg/C is not reached by a timing clock
Related violations: <none>

TIMING-17#104 Warning
Non-clocked sequential cell  
The clock pin DataPathComp/RegFile/U2/R6_gen[7].UR6_gen/Q_reg/C is not reached by a timing clock
Related violations: <none>

TIMING-17#105 Warning
Non-clocked sequential cell  
The clock pin DataPathComp/RegFile/U2/R7_gen[0].UR7_gen/Q_reg/C is not reached by a timing clock
Related violations: <none>

TIMING-17#106 Warning
Non-clocked sequential cell  
The clock pin DataPathComp/RegFile/U2/R7_gen[1].UR7_gen/Q_reg/C is not reached by a timing clock
Related violations: <none>

TIMING-17#107 Warning
Non-clocked sequential cell  
The clock pin DataPathComp/RegFile/U2/R7_gen[2].UR7_gen/Q_reg/C is not reached by a timing clock
Related violations: <none>

TIMING-17#108 Warning
Non-clocked sequential cell  
The clock pin DataPathComp/RegFile/U2/R7_gen[3].UR7_gen/Q_reg/C is not reached by a timing clock
Related violations: <none>

TIMING-17#109 Warning
Non-clocked sequential cell  
The clock pin DataPathComp/RegFile/U2/R7_gen[4].UR7_gen/Q_reg/C is not reached by a timing clock
Related violations: <none>

TIMING-17#110 Warning
Non-clocked sequential cell  
The clock pin DataPathComp/RegFile/U2/R7_gen[5].UR7_gen/Q_reg/C is not reached by a timing clock
Related violations: <none>

TIMING-17#111 Warning
Non-clocked sequential cell  
The clock pin DataPathComp/RegFile/U2/R7_gen[6].UR7_gen/Q_reg/C is not reached by a timing clock
Related violations: <none>

TIMING-17#112 Warning
Non-clocked sequential cell  
The clock pin DataPathComp/RegFile/U2/R7_gen[7].UR7_gen/Q_reg/C is not reached by a timing clock
Related violations: <none>

TIMING-17#113 Warning
Non-clocked sequential cell  
The clock pin DataPathComp/RegFile/U2/R8_gen[0].UR8_gen/Q_reg/C is not reached by a timing clock
Related violations: <none>

TIMING-17#114 Warning
Non-clocked sequential cell  
The clock pin DataPathComp/RegFile/U2/R8_gen[1].UR8_gen/Q_reg/C is not reached by a timing clock
Related violations: <none>

TIMING-17#115 Warning
Non-clocked sequential cell  
The clock pin DataPathComp/RegFile/U2/R8_gen[2].UR8_gen/Q_reg/C is not reached by a timing clock
Related violations: <none>

TIMING-17#116 Warning
Non-clocked sequential cell  
The clock pin DataPathComp/RegFile/U2/R8_gen[3].UR8_gen/Q_reg/C is not reached by a timing clock
Related violations: <none>

TIMING-17#117 Warning
Non-clocked sequential cell  
The clock pin DataPathComp/RegFile/U2/R8_gen[4].UR8_gen/Q_reg/C is not reached by a timing clock
Related violations: <none>

TIMING-17#118 Warning
Non-clocked sequential cell  
The clock pin DataPathComp/RegFile/U2/R8_gen[5].UR8_gen/Q_reg/C is not reached by a timing clock
Related violations: <none>

TIMING-17#119 Warning
Non-clocked sequential cell  
The clock pin DataPathComp/RegFile/U2/R8_gen[6].UR8_gen/Q_reg/C is not reached by a timing clock
Related violations: <none>

TIMING-17#120 Warning
Non-clocked sequential cell  
The clock pin DataPathComp/RegFile/U2/R8_gen[7].UR8_gen/Q_reg/C is not reached by a timing clock
Related violations: <none>

TIMING-17#121 Warning
Non-clocked sequential cell  
The clock pin DataPathComp/RegFile/U2/R9_gen[0].UR9_gen/Q_reg/C is not reached by a timing clock
Related violations: <none>

TIMING-17#122 Warning
Non-clocked sequential cell  
The clock pin DataPathComp/RegFile/U2/R9_gen[1].UR9_gen/Q_reg/C is not reached by a timing clock
Related violations: <none>

TIMING-17#123 Warning
Non-clocked sequential cell  
The clock pin DataPathComp/RegFile/U2/R9_gen[2].UR9_gen/Q_reg/C is not reached by a timing clock
Related violations: <none>

TIMING-17#124 Warning
Non-clocked sequential cell  
The clock pin DataPathComp/RegFile/U2/R9_gen[3].UR9_gen/Q_reg/C is not reached by a timing clock
Related violations: <none>

TIMING-17#125 Warning
Non-clocked sequential cell  
The clock pin DataPathComp/RegFile/U2/R9_gen[4].UR9_gen/Q_reg/C is not reached by a timing clock
Related violations: <none>

TIMING-17#126 Warning
Non-clocked sequential cell  
The clock pin DataPathComp/RegFile/U2/R9_gen[5].UR9_gen/Q_reg/C is not reached by a timing clock
Related violations: <none>

TIMING-17#127 Warning
Non-clocked sequential cell  
The clock pin DataPathComp/RegFile/U2/R9_gen[6].UR9_gen/Q_reg/C is not reached by a timing clock
Related violations: <none>

TIMING-17#128 Warning
Non-clocked sequential cell  
The clock pin DataPathComp/RegFile/U2/R9_gen[7].UR9_gen/Q_reg/C is not reached by a timing clock
Related violations: <none>

TIMING-17#129 Warning
Non-clocked sequential cell  
The clock pin MPC/InstDecCont/FSM_onehot_state_reg[0]/C is not reached by a timing clock
Related violations: <none>

TIMING-17#130 Warning
Non-clocked sequential cell  
The clock pin MPC/InstDecCont/FSM_onehot_state_reg[1]/C is not reached by a timing clock
Related violations: <none>

TIMING-17#131 Warning
Non-clocked sequential cell  
The clock pin MPC/InstDecCont/FSM_onehot_state_reg[2]/C is not reached by a timing clock
Related violations: <none>

TIMING-17#132 Warning
Non-clocked sequential cell  
The clock pin MPC/InstDecCont/FSM_onehot_state_reg[3]/C is not reached by a timing clock
Related violations: <none>

TIMING-17#133 Warning
Non-clocked sequential cell  
The clock pin MPC/InstDecCont/FSM_onehot_state_reg[4]/C is not reached by a timing clock
Related violations: <none>

TIMING-17#134 Warning
Non-clocked sequential cell  
The clock pin MPC/InstDecCont/FSM_onehot_state_reg[5]/C is not reached by a timing clock
Related violations: <none>

TIMING-17#135 Warning
Non-clocked sequential cell  
The clock pin MPC/InstDecCont/FSM_onehot_state_reg[6]/C is not reached by a timing clock
Related violations: <none>

TIMING-17#136 Warning
Non-clocked sequential cell  
The clock pin MPC/ProgCount/PC_var_reg[0]/C is not reached by a timing clock
Related violations: <none>

TIMING-17#137 Warning
Non-clocked sequential cell  
The clock pin MPC/ProgCount/PC_var_reg[1]/C is not reached by a timing clock
Related violations: <none>

TIMING-17#138 Warning
Non-clocked sequential cell  
The clock pin MPC/ProgCount/PC_var_reg[2]/C is not reached by a timing clock
Related violations: <none>

TIMING-17#139 Warning
Non-clocked sequential cell  
The clock pin MPC/ProgCount/PC_var_reg[3]/C is not reached by a timing clock
Related violations: <none>

TIMING-17#140 Warning
Non-clocked sequential cell  
The clock pin MPC/ProgCount/PC_var_reg[4]/C is not reached by a timing clock
Related violations: <none>

TIMING-17#141 Warning
Non-clocked sequential cell  
The clock pin MPC/ProgCount/PC_var_reg[5]/C is not reached by a timing clock
Related violations: <none>

TIMING-17#142 Warning
Non-clocked sequential cell  
The clock pin MPC/ProgCount/PC_var_reg[6]/C is not reached by a timing clock
Related violations: <none>

TIMING-17#143 Warning
Non-clocked sequential cell  
The clock pin MPC/ProgCount/PC_var_reg[7]/C is not reached by a timing clock
Related violations: <none>

TIMING-17#144 Warning
Non-clocked sequential cell  
The clock pin Port_Register/D_word_reg[0]/C is not reached by a timing clock
Related violations: <none>

TIMING-17#145 Warning
Non-clocked sequential cell  
The clock pin Port_Register/D_word_reg[10]/C is not reached by a timing clock
Related violations: <none>

TIMING-17#146 Warning
Non-clocked sequential cell  
The clock pin Port_Register/D_word_reg[11]/C is not reached by a timing clock
Related violations: <none>

TIMING-17#147 Warning
Non-clocked sequential cell  
The clock pin Port_Register/D_word_reg[12]/C is not reached by a timing clock
Related violations: <none>

TIMING-17#148 Warning
Non-clocked sequential cell  
The clock pin Port_Register/D_word_reg[13]/C is not reached by a timing clock
Related violations: <none>

TIMING-17#149 Warning
Non-clocked sequential cell  
The clock pin Port_Register/D_word_reg[14]/C is not reached by a timing clock
Related violations: <none>

TIMING-17#150 Warning
Non-clocked sequential cell  
The clock pin Port_Register/D_word_reg[15]/C is not reached by a timing clock
Related violations: <none>

TIMING-17#151 Warning
Non-clocked sequential cell  
The clock pin Port_Register/D_word_reg[1]/C is not reached by a timing clock
Related violations: <none>

TIMING-17#152 Warning
Non-clocked sequential cell  
The clock pin Port_Register/D_word_reg[2]/C is not reached by a timing clock
Related violations: <none>

TIMING-17#153 Warning
Non-clocked sequential cell  
The clock pin Port_Register/D_word_reg[3]/C is not reached by a timing clock
Related violations: <none>

TIMING-17#154 Warning
Non-clocked sequential cell  
The clock pin Port_Register/D_word_reg[4]/C is not reached by a timing clock
Related violations: <none>

TIMING-17#155 Warning
Non-clocked sequential cell  
The clock pin Port_Register/D_word_reg[5]/C is not reached by a timing clock
Related violations: <none>

TIMING-17#156 Warning
Non-clocked sequential cell  
The clock pin Port_Register/D_word_reg[6]/C is not reached by a timing clock
Related violations: <none>

TIMING-17#157 Warning
Non-clocked sequential cell  
The clock pin Port_Register/D_word_reg[7]/C is not reached by a timing clock
Related violations: <none>

TIMING-17#158 Warning
Non-clocked sequential cell  
The clock pin Port_Register/D_word_reg[8]/C is not reached by a timing clock
Related violations: <none>

TIMING-17#159 Warning
Non-clocked sequential cell  
The clock pin Port_Register/D_word_reg[9]/C is not reached by a timing clock
Related violations: <none>

TIMING-17#160 Warning
Non-clocked sequential cell  
The clock pin Port_Register/Data_outR_reg[0]/C is not reached by a timing clock
Related violations: <none>

TIMING-17#161 Warning
Non-clocked sequential cell  
The clock pin Port_Register/Data_outR_reg[1]/C is not reached by a timing clock
Related violations: <none>

TIMING-17#162 Warning
Non-clocked sequential cell  
The clock pin Port_Register/Data_outR_reg[2]/C is not reached by a timing clock
Related violations: <none>

TIMING-17#163 Warning
Non-clocked sequential cell  
The clock pin Port_Register/Data_outR_reg[3]/C is not reached by a timing clock
Related violations: <none>

TIMING-17#164 Warning
Non-clocked sequential cell  
The clock pin Port_Register/Data_outR_reg[4]/C is not reached by a timing clock
Related violations: <none>

TIMING-17#165 Warning
Non-clocked sequential cell  
The clock pin Port_Register/Data_outR_reg[5]/C is not reached by a timing clock
Related violations: <none>

TIMING-17#166 Warning
Non-clocked sequential cell  
The clock pin Port_Register/Data_outR_reg[6]/C is not reached by a timing clock
Related violations: <none>

TIMING-17#167 Warning
Non-clocked sequential cell  
The clock pin Port_Register/Data_outR_reg[7]/C is not reached by a timing clock
Related violations: <none>

TIMING-17#168 Warning
Non-clocked sequential cell  
The clock pin Port_Register/LED_reg[0]/C is not reached by a timing clock
Related violations: <none>

TIMING-17#169 Warning
Non-clocked sequential cell  
The clock pin Port_Register/LED_reg[1]/C is not reached by a timing clock
Related violations: <none>

TIMING-17#170 Warning
Non-clocked sequential cell  
The clock pin Port_Register/LED_reg[2]/C is not reached by a timing clock
Related violations: <none>

TIMING-17#171 Warning
Non-clocked sequential cell  
The clock pin Port_Register/LED_reg[3]/C is not reached by a timing clock
Related violations: <none>

TIMING-17#172 Warning
Non-clocked sequential cell  
The clock pin Port_Register/LED_reg[4]/C is not reached by a timing clock
Related violations: <none>

TIMING-17#173 Warning
Non-clocked sequential cell  
The clock pin Port_Register/LED_reg[5]/C is not reached by a timing clock
Related violations: <none>

TIMING-17#174 Warning
Non-clocked sequential cell  
The clock pin Port_Register/LED_reg[6]/C is not reached by a timing clock
Related violations: <none>

TIMING-17#175 Warning
Non-clocked sequential cell  
The clock pin Port_Register/LED_reg[7]/C is not reached by a timing clock
Related violations: <none>

TIMING-17#176 Warning
Non-clocked sequential cell  
The clock pin Port_Register/MMR_reg/C is not reached by a timing clock
Related violations: <none>

TIMING-17#177 Warning
Non-clocked sequential cell  
The clock pin Port_Register/MR0_gen[0].UMR0_gen/Q_reg/C is not reached by a timing clock
Related violations: <none>

TIMING-17#178 Warning
Non-clocked sequential cell  
The clock pin Port_Register/MR0_gen[1].UMR0_gen/Q_reg/C is not reached by a timing clock
Related violations: <none>

TIMING-17#179 Warning
Non-clocked sequential cell  
The clock pin Port_Register/MR0_gen[2].UMR0_gen/Q_reg/C is not reached by a timing clock
Related violations: <none>

TIMING-17#180 Warning
Non-clocked sequential cell  
The clock pin Port_Register/MR0_gen[3].UMR0_gen/Q_reg/C is not reached by a timing clock
Related violations: <none>

TIMING-17#181 Warning
Non-clocked sequential cell  
The clock pin Port_Register/MR0_gen[4].UMR0_gen/Q_reg/C is not reached by a timing clock
Related violations: <none>

TIMING-17#182 Warning
Non-clocked sequential cell  
The clock pin Port_Register/MR0_gen[5].UMR0_gen/Q_reg/C is not reached by a timing clock
Related violations: <none>

TIMING-17#183 Warning
Non-clocked sequential cell  
The clock pin Port_Register/MR0_gen[6].UMR0_gen/Q_reg/C is not reached by a timing clock
Related violations: <none>

TIMING-17#184 Warning
Non-clocked sequential cell  
The clock pin Port_Register/MR0_gen[7].UMR0_gen/Q_reg/C is not reached by a timing clock
Related violations: <none>

TIMING-17#185 Warning
Non-clocked sequential cell  
The clock pin Port_Register/MR1_gen[0].UMR1_gen/Q_reg/C is not reached by a timing clock
Related violations: <none>

TIMING-17#186 Warning
Non-clocked sequential cell  
The clock pin Port_Register/MR1_gen[1].UMR1_gen/Q_reg/C is not reached by a timing clock
Related violations: <none>

TIMING-17#187 Warning
Non-clocked sequential cell  
The clock pin Port_Register/MR1_gen[2].UMR1_gen/Q_reg/C is not reached by a timing clock
Related violations: <none>

TIMING-17#188 Warning
Non-clocked sequential cell  
The clock pin Port_Register/MR1_gen[3].UMR1_gen/Q_reg/C is not reached by a timing clock
Related violations: <none>

TIMING-17#189 Warning
Non-clocked sequential cell  
The clock pin Port_Register/MR1_gen[4].UMR1_gen/Q_reg/C is not reached by a timing clock
Related violations: <none>

TIMING-17#190 Warning
Non-clocked sequential cell  
The clock pin Port_Register/MR1_gen[5].UMR1_gen/Q_reg/C is not reached by a timing clock
Related violations: <none>

TIMING-17#191 Warning
Non-clocked sequential cell  
The clock pin Port_Register/MR1_gen[6].UMR1_gen/Q_reg/C is not reached by a timing clock
Related violations: <none>

TIMING-17#192 Warning
Non-clocked sequential cell  
The clock pin Port_Register/MR1_gen[7].UMR1_gen/Q_reg/C is not reached by a timing clock
Related violations: <none>

TIMING-17#193 Warning
Non-clocked sequential cell  
The clock pin Port_Register/MR2_gen[0].UMR2_gen/Q_reg/C is not reached by a timing clock
Related violations: <none>

TIMING-17#194 Warning
Non-clocked sequential cell  
The clock pin Port_Register/MR2_gen[1].UMR2_gen/Q_reg/C is not reached by a timing clock
Related violations: <none>

TIMING-17#195 Warning
Non-clocked sequential cell  
The clock pin Port_Register/MR2_gen[2].UMR2_gen/Q_reg/C is not reached by a timing clock
Related violations: <none>

TIMING-17#196 Warning
Non-clocked sequential cell  
The clock pin Port_Register/MR2_gen[3].UMR2_gen/Q_reg/C is not reached by a timing clock
Related violations: <none>

TIMING-17#197 Warning
Non-clocked sequential cell  
The clock pin Port_Register/MR2_gen[4].UMR2_gen/Q_reg/C is not reached by a timing clock
Related violations: <none>

TIMING-17#198 Warning
Non-clocked sequential cell  
The clock pin Port_Register/MR2_gen[5].UMR2_gen/Q_reg/C is not reached by a timing clock
Related violations: <none>

TIMING-17#199 Warning
Non-clocked sequential cell  
The clock pin Port_Register/MR2_gen[6].UMR2_gen/Q_reg/C is not reached by a timing clock
Related violations: <none>

TIMING-17#200 Warning
Non-clocked sequential cell  
The clock pin Port_Register/MR2_gen[7].UMR2_gen/Q_reg/C is not reached by a timing clock
Related violations: <none>

TIMING-17#201 Warning
Non-clocked sequential cell  
The clock pin Port_Register/MR3_gen[0].UMR3_gen/Q_reg/C is not reached by a timing clock
Related violations: <none>

TIMING-17#202 Warning
Non-clocked sequential cell  
The clock pin Port_Register/MR3_gen[1].UMR3_gen/Q_reg/C is not reached by a timing clock
Related violations: <none>

TIMING-17#203 Warning
Non-clocked sequential cell  
The clock pin Port_Register/MR3_gen[2].UMR3_gen/Q_reg/C is not reached by a timing clock
Related violations: <none>

TIMING-17#204 Warning
Non-clocked sequential cell  
The clock pin Port_Register/MR3_gen[3].UMR3_gen/Q_reg/C is not reached by a timing clock
Related violations: <none>

TIMING-17#205 Warning
Non-clocked sequential cell  
The clock pin Port_Register/MR3_gen[4].UMR3_gen/Q_reg/C is not reached by a timing clock
Related violations: <none>

TIMING-17#206 Warning
Non-clocked sequential cell  
The clock pin Port_Register/MR3_gen[5].UMR3_gen/Q_reg/C is not reached by a timing clock
Related violations: <none>

TIMING-17#207 Warning
Non-clocked sequential cell  
The clock pin Port_Register/MR3_gen[6].UMR3_gen/Q_reg/C is not reached by a timing clock
Related violations: <none>

TIMING-17#208 Warning
Non-clocked sequential cell  
The clock pin Port_Register/MR3_gen[7].UMR3_gen/Q_reg/C is not reached by a timing clock
Related violations: <none>

TIMING-17#209 Warning
Non-clocked sequential cell  
The clock pin Port_Register/MR4_gen[0].UMR4_gen/Q_reg/C is not reached by a timing clock
Related violations: <none>

TIMING-17#210 Warning
Non-clocked sequential cell  
The clock pin Port_Register/MR4_gen[1].UMR4_gen/Q_reg/C is not reached by a timing clock
Related violations: <none>

TIMING-17#211 Warning
Non-clocked sequential cell  
The clock pin Port_Register/MR4_gen[2].UMR4_gen/Q_reg/C is not reached by a timing clock
Related violations: <none>

TIMING-17#212 Warning
Non-clocked sequential cell  
The clock pin Port_Register/MR4_gen[3].UMR4_gen/Q_reg/C is not reached by a timing clock
Related violations: <none>

TIMING-17#213 Warning
Non-clocked sequential cell  
The clock pin Port_Register/MR4_gen[4].UMR4_gen/Q_reg/C is not reached by a timing clock
Related violations: <none>

TIMING-17#214 Warning
Non-clocked sequential cell  
The clock pin Port_Register/MR4_gen[5].UMR4_gen/Q_reg/C is not reached by a timing clock
Related violations: <none>

TIMING-17#215 Warning
Non-clocked sequential cell  
The clock pin Port_Register/MR4_gen[6].UMR4_gen/Q_reg/C is not reached by a timing clock
Related violations: <none>

TIMING-17#216 Warning
Non-clocked sequential cell  
The clock pin Port_Register/MR4_gen[7].UMR4_gen/Q_reg/C is not reached by a timing clock
Related violations: <none>

TIMING-17#217 Warning
Non-clocked sequential cell  
The clock pin Port_Register/MR5_gen[0].UMR5_gen/Q_reg/C is not reached by a timing clock
Related violations: <none>

TIMING-17#218 Warning
Non-clocked sequential cell  
The clock pin Port_Register/MR5_gen[1].UMR5_gen/Q_reg/C is not reached by a timing clock
Related violations: <none>

TIMING-17#219 Warning
Non-clocked sequential cell  
The clock pin Port_Register/MR5_gen[2].UMR5_gen/Q_reg/C is not reached by a timing clock
Related violations: <none>

TIMING-17#220 Warning
Non-clocked sequential cell  
The clock pin Port_Register/MR5_gen[3].UMR5_gen/Q_reg/C is not reached by a timing clock
Related violations: <none>

TIMING-17#221 Warning
Non-clocked sequential cell  
The clock pin Port_Register/MR5_gen[4].UMR5_gen/Q_reg/C is not reached by a timing clock
Related violations: <none>

TIMING-17#222 Warning
Non-clocked sequential cell  
The clock pin Port_Register/MR5_gen[5].UMR5_gen/Q_reg/C is not reached by a timing clock
Related violations: <none>

TIMING-17#223 Warning
Non-clocked sequential cell  
The clock pin Port_Register/MR5_gen[6].UMR5_gen/Q_reg/C is not reached by a timing clock
Related violations: <none>

TIMING-17#224 Warning
Non-clocked sequential cell  
The clock pin Port_Register/MR5_gen[7].UMR5_gen/Q_reg/C is not reached by a timing clock
Related violations: <none>

TIMING-17#225 Warning
Non-clocked sequential cell  
The clock pin Port_Register/MR6_gen[0].UMR6_gen/Q_reg/C is not reached by a timing clock
Related violations: <none>

TIMING-17#226 Warning
Non-clocked sequential cell  
The clock pin Port_Register/MR6_gen[1].UMR6_gen/Q_reg/C is not reached by a timing clock
Related violations: <none>

TIMING-17#227 Warning
Non-clocked sequential cell  
The clock pin Port_Register/MR6_gen[2].UMR6_gen/Q_reg/C is not reached by a timing clock
Related violations: <none>

TIMING-17#228 Warning
Non-clocked sequential cell  
The clock pin Port_Register/MR6_gen[3].UMR6_gen/Q_reg/C is not reached by a timing clock
Related violations: <none>

TIMING-17#229 Warning
Non-clocked sequential cell  
The clock pin Port_Register/MR6_gen[4].UMR6_gen/Q_reg/C is not reached by a timing clock
Related violations: <none>

TIMING-17#230 Warning
Non-clocked sequential cell  
The clock pin Port_Register/MR6_gen[5].UMR6_gen/Q_reg/C is not reached by a timing clock
Related violations: <none>

TIMING-17#231 Warning
Non-clocked sequential cell  
The clock pin Port_Register/MR6_gen[6].UMR6_gen/Q_reg/C is not reached by a timing clock
Related violations: <none>

TIMING-17#232 Warning
Non-clocked sequential cell  
The clock pin Port_Register/MR6_gen[7].UMR6_gen/Q_reg/C is not reached by a timing clock
Related violations: <none>

TIMING-17#233 Warning
Non-clocked sequential cell  
The clock pin Port_Register/MR7_gen[0].UMR7_gen/Q_reg/C is not reached by a timing clock
Related violations: <none>

TIMING-17#234 Warning
Non-clocked sequential cell  
The clock pin Port_Register/MR7_gen[1].UMR7_gen/Q_reg/C is not reached by a timing clock
Related violations: <none>

TIMING-17#235 Warning
Non-clocked sequential cell  
The clock pin Port_Register/MR7_gen[2].UMR7_gen/Q_reg/C is not reached by a timing clock
Related violations: <none>

TIMING-17#236 Warning
Non-clocked sequential cell  
The clock pin Port_Register/MR7_gen[3].UMR7_gen/Q_reg/C is not reached by a timing clock
Related violations: <none>

TIMING-17#237 Warning
Non-clocked sequential cell  
The clock pin Port_Register/MR7_gen[4].UMR7_gen/Q_reg/C is not reached by a timing clock
Related violations: <none>

TIMING-17#238 Warning
Non-clocked sequential cell  
The clock pin Port_Register/MR7_gen[5].UMR7_gen/Q_reg/C is not reached by a timing clock
Related violations: <none>

TIMING-17#239 Warning
Non-clocked sequential cell  
The clock pin Port_Register/MR7_gen[6].UMR7_gen/Q_reg/C is not reached by a timing clock
Related violations: <none>

TIMING-17#240 Warning
Non-clocked sequential cell  
The clock pin Port_Register/MR7_gen[7].UMR7_gen/Q_reg/C is not reached by a timing clock
Related violations: <none>

TIMING-17#241 Warning
Non-clocked sequential cell  
The clock pin SevenSeg/DispCount_reg[0]/C is not reached by a timing clock
Related violations: <none>

TIMING-17#242 Warning
Non-clocked sequential cell  
The clock pin SevenSeg/DispCount_reg[1]/C is not reached by a timing clock
Related violations: <none>

TIMING-18#1 Warning
Missing input or output delay  
An input delay is missing on RESET relative to clock(s) CLK
Related violations: <none>

TIMING-20#1 Warning
Non-clocked latch  
The latch MPC/InstDecCont/AX_reg[0] cannot be properly analyzed as its control pin MPC/InstDecCont/AX_reg[0]/G is not reached by a timing clock
Related violations: <none>

TIMING-20#2 Warning
Non-clocked latch  
The latch MPC/InstDecCont/AX_reg[1] cannot be properly analyzed as its control pin MPC/InstDecCont/AX_reg[1]/G is not reached by a timing clock
Related violations: <none>

TIMING-20#3 Warning
Non-clocked latch  
The latch MPC/InstDecCont/AX_reg[2] cannot be properly analyzed as its control pin MPC/InstDecCont/AX_reg[2]/G is not reached by a timing clock
Related violations: <none>

TIMING-20#4 Warning
Non-clocked latch  
The latch MPC/InstDecCont/AX_reg[3] cannot be properly analyzed as its control pin MPC/InstDecCont/AX_reg[3]/G is not reached by a timing clock
Related violations: <none>

TIMING-20#5 Warning
Non-clocked latch  
The latch MPC/InstDecCont/BX_reg[0] cannot be properly analyzed as its control pin MPC/InstDecCont/BX_reg[0]/G is not reached by a timing clock
Related violations: <none>

TIMING-20#6 Warning
Non-clocked latch  
The latch MPC/InstDecCont/BX_reg[1] cannot be properly analyzed as its control pin MPC/InstDecCont/BX_reg[1]/G is not reached by a timing clock
Related violations: <none>

TIMING-20#7 Warning
Non-clocked latch  
The latch MPC/InstDecCont/BX_reg[2] cannot be properly analyzed as its control pin MPC/InstDecCont/BX_reg[2]/G is not reached by a timing clock
Related violations: <none>

TIMING-20#8 Warning
Non-clocked latch  
The latch MPC/InstDecCont/BX_reg[3] cannot be properly analyzed as its control pin MPC/InstDecCont/BX_reg[3]/G is not reached by a timing clock
Related violations: <none>

TIMING-20#9 Warning
Non-clocked latch  
The latch MPC/InstDecCont/DX_reg[0] cannot be properly analyzed as its control pin MPC/InstDecCont/DX_reg[0]/G is not reached by a timing clock
Related violations: <none>

TIMING-20#10 Warning
Non-clocked latch  
The latch MPC/InstDecCont/DX_reg[1] cannot be properly analyzed as its control pin MPC/InstDecCont/DX_reg[1]/G is not reached by a timing clock
Related violations: <none>

TIMING-20#11 Warning
Non-clocked latch  
The latch MPC/InstDecCont/DX_reg[2] cannot be properly analyzed as its control pin MPC/InstDecCont/DX_reg[2]/G is not reached by a timing clock
Related violations: <none>

TIMING-20#12 Warning
Non-clocked latch  
The latch MPC/InstDecCont/DX_reg[3] cannot be properly analyzed as its control pin MPC/InstDecCont/DX_reg[3]/G is not reached by a timing clock
Related violations: <none>

TIMING-20#13 Warning
Non-clocked latch  
The latch MPC/InstDecCont/FS_reg[0] cannot be properly analyzed as its control pin MPC/InstDecCont/FS_reg[0]/G is not reached by a timing clock
Related violations: <none>

TIMING-20#14 Warning
Non-clocked latch  
The latch MPC/InstDecCont/FS_reg[1] cannot be properly analyzed as its control pin MPC/InstDecCont/FS_reg[1]/G is not reached by a timing clock
Related violations: <none>

TIMING-20#15 Warning
Non-clocked latch  
The latch MPC/InstDecCont/FS_reg[2] cannot be properly analyzed as its control pin MPC/InstDecCont/FS_reg[2]/G is not reached by a timing clock
Related violations: <none>

TIMING-20#16 Warning
Non-clocked latch  
The latch MPC/InstDecCont/FS_reg[3] cannot be properly analyzed as its control pin MPC/InstDecCont/FS_reg[3]/G is not reached by a timing clock
Related violations: <none>

TIMING-20#17 Warning
Non-clocked latch  
The latch MPC/InstDecCont/IL_reg cannot be properly analyzed as its control pin MPC/InstDecCont/IL_reg/G is not reached by a timing clock
Related violations: <none>

TIMING-20#18 Warning
Non-clocked latch  
The latch MPC/InstDecCont/MB_reg cannot be properly analyzed as its control pin MPC/InstDecCont/MB_reg/G is not reached by a timing clock
Related violations: <none>

TIMING-20#19 Warning
Non-clocked latch  
The latch MPC/InstDecCont/MD_reg cannot be properly analyzed as its control pin MPC/InstDecCont/MD_reg/G is not reached by a timing clock
Related violations: <none>

TIMING-20#20 Warning
Non-clocked latch  
The latch MPC/InstDecCont/MM_reg cannot be properly analyzed as its control pin MPC/InstDecCont/MM_reg/G is not reached by a timing clock
Related violations: <none>

TIMING-20#21 Warning
Non-clocked latch  
The latch MPC/InstDecCont/MW_reg cannot be properly analyzed as its control pin MPC/InstDecCont/MW_reg/G is not reached by a timing clock
Related violations: <none>

TIMING-20#22 Warning
Non-clocked latch  
The latch MPC/InstDecCont/PS_reg[0] cannot be properly analyzed as its control pin MPC/InstDecCont/PS_reg[0]/G is not reached by a timing clock
Related violations: <none>

TIMING-20#23 Warning
Non-clocked latch  
The latch MPC/InstDecCont/PS_reg[1] cannot be properly analyzed as its control pin MPC/InstDecCont/PS_reg[1]/G is not reached by a timing clock
Related violations: <none>

TIMING-20#24 Warning
Non-clocked latch  
The latch MPC/InstDecCont/RW_reg cannot be properly analyzed as its control pin MPC/InstDecCont/RW_reg/G is not reached by a timing clock
Related violations: <none>

TIMING-20#25 Warning
Non-clocked latch  
The latch MPC/InstDecCont/ax_sig_reg[0] cannot be properly analyzed as its control pin MPC/InstDecCont/ax_sig_reg[0]/G is not reached by a timing clock
Related violations: <none>

TIMING-20#26 Warning
Non-clocked latch  
The latch MPC/InstDecCont/ax_sig_reg[1] cannot be properly analyzed as its control pin MPC/InstDecCont/ax_sig_reg[1]/G is not reached by a timing clock
Related violations: <none>

TIMING-20#27 Warning
Non-clocked latch  
The latch MPC/InstDecCont/ax_sig_reg[2] cannot be properly analyzed as its control pin MPC/InstDecCont/ax_sig_reg[2]/G is not reached by a timing clock
Related violations: <none>

TIMING-20#28 Warning
Non-clocked latch  
The latch MPC/InstDecCont/bx_sig_reg[0] cannot be properly analyzed as its control pin MPC/InstDecCont/bx_sig_reg[0]/G is not reached by a timing clock
Related violations: <none>

TIMING-20#29 Warning
Non-clocked latch  
The latch MPC/InstDecCont/bx_sig_reg[1] cannot be properly analyzed as its control pin MPC/InstDecCont/bx_sig_reg[1]/G is not reached by a timing clock
Related violations: <none>

TIMING-20#30 Warning
Non-clocked latch  
The latch MPC/InstDecCont/bx_sig_reg[2] cannot be properly analyzed as its control pin MPC/InstDecCont/bx_sig_reg[2]/G is not reached by a timing clock
Related violations: <none>

TIMING-20#31 Warning
Non-clocked latch  
The latch MPC/InstDecCont/dx_sig_reg[0] cannot be properly analyzed as its control pin MPC/InstDecCont/dx_sig_reg[0]/G is not reached by a timing clock
Related violations: <none>

TIMING-20#32 Warning
Non-clocked latch  
The latch MPC/InstDecCont/dx_sig_reg[1] cannot be properly analyzed as its control pin MPC/InstDecCont/dx_sig_reg[1]/G is not reached by a timing clock
Related violations: <none>

TIMING-20#33 Warning
Non-clocked latch  
The latch MPC/InstDecCont/dx_sig_reg[2] cannot be properly analyzed as its control pin MPC/InstDecCont/dx_sig_reg[2]/G is not reached by a timing clock
Related violations: <none>

TIMING-20#34 Warning
Non-clocked latch  
The latch MPC/InstDecCont/opcode_reg[0] cannot be properly analyzed as its control pin MPC/InstDecCont/opcode_reg[0]/G is not reached by a timing clock
Related violations: <none>

TIMING-20#35 Warning
Non-clocked latch  
The latch MPC/InstDecCont/opcode_reg[1] cannot be properly analyzed as its control pin MPC/InstDecCont/opcode_reg[1]/G is not reached by a timing clock
Related violations: <none>

TIMING-20#36 Warning
Non-clocked latch  
The latch MPC/InstDecCont/opcode_reg[2] cannot be properly analyzed as its control pin MPC/InstDecCont/opcode_reg[2]/G is not reached by a timing clock
Related violations: <none>

TIMING-20#37 Warning
Non-clocked latch  
The latch MPC/InstDecCont/opcode_reg[3] cannot be properly analyzed as its control pin MPC/InstDecCont/opcode_reg[3]/G is not reached by a timing clock
Related violations: <none>

TIMING-20#38 Warning
Non-clocked latch  
The latch MPC/InstDecCont/opcode_reg[4] cannot be properly analyzed as its control pin MPC/InstDecCont/opcode_reg[4]/G is not reached by a timing clock
Related violations: <none>

TIMING-20#39 Warning
Non-clocked latch  
The latch MPC/InstDecCont/opcode_reg[5] cannot be properly analyzed as its control pin MPC/InstDecCont/opcode_reg[5]/G is not reached by a timing clock
Related violations: <none>

TIMING-20#40 Warning
Non-clocked latch  
The latch MPC/InstDecCont/opcode_reg[6] cannot be properly analyzed as its control pin MPC/InstDecCont/opcode_reg[6]/G is not reached by a timing clock
Related violations: <none>


